now min: 17883.0
seq: 1, 2, 3, 4, 5, 6, 7, 8, 9, 10, 11, 12, 13, 14, 15, 16, 17, 18, 19, 20, 21, 55, 22, 32, 48, 23, 54, 24, 25, 26, 38, 27, 51, 59, 28, 41, 29, 43, 40, 30, 52, 34, 46, 44, 60, 57, 37, 50, 33, 56, 53, 42, 58, 35, 47, 31, 36, 45, 49, 39, 
now min: 17823.0
seq: 1, 2, 3, 4, 5, 6, 7, 8, 9, 10, 11, 12, 13, 14, 15, 16, 17, 18, 19, 20, 21, 55, 22, 32, 48, 23, 54, 24, 25, 26, 38, 27, 51, 59, 28, 41, 30, 52, 34, 46, 44, 60, 50, 33, 29, 43, 40, 57, 37, 56, 53, 42, 58, 35, 47, 31, 36, 45, 49, 39, 
now min: 17805.0
seq: 1, 2, 3, 4, 5, 6, 7, 8, 9, 10, 11, 12, 13, 14, 15, 16, 17, 18, 19, 20, 21, 55, 22, 32, 48, 23, 54, 24, 25, 26, 38, 27, 51, 59, 30, 52, 34, 46, 44, 60, 28, 41, 50, 33, 29, 43, 40, 57, 37, 56, 53, 42, 58, 35, 47, 31, 36, 45, 49, 39, 
now min: 17386.0
seq: 1, 2, 3, 4, 5, 6, 7, 8, 9, 10, 11, 12, 13, 14, 15, 16, 17, 18, 19, 20, 21, 55, 22, 23, 24, 25, 26, 38, 27, 51, 59, 30, 52, 34, 46, 44, 60, 29, 40, 28, 43, 41, 57, 37, 50, 33, 56, 53, 42, 58, 35, 54, 47, 31, 32, 36, 48, 45, 49, 39, 
now min: 17374.0
seq: 1, 2, 3, 4, 5, 6, 7, 8, 9, 10, 11, 12, 13, 14, 15, 16, 17, 18, 19, 20, 21, 55, 22, 23, 24, 25, 26, 38, 30, 52, 34, 46, 44, 28, 41, 27, 51, 59, 60, 50, 33, 29, 43, 40, 57, 37, 56, 53, 42, 58, 35, 54, 47, 31, 32, 36, 48, 45, 49, 39, 
now min: 17355.0
seq: 1, 2, 3, 4, 5, 6, 7, 8, 9, 10, 11, 12, 13, 14, 15, 16, 17, 18, 19, 20, 21, 55, 22, 23, 24, 26, 38, 25, 30, 52, 34, 46, 44, 27, 51, 59, 60, 28, 41, 50, 33, 29, 43, 40, 57, 37, 56, 53, 42, 58, 35, 54, 47, 31, 32, 36, 48, 45, 49, 39, 
now min: 17343.0
seq: 1, 2, 3, 4, 5, 6, 7, 8, 9, 10, 11, 12, 13, 14, 15, 16, 17, 18, 19, 20, 21, 55, 22, 23, 24, 26, 38, 27, 51, 59, 25, 30, 52, 34, 46, 44, 60, 28, 41, 50, 33, 29, 43, 40, 57, 37, 56, 53, 42, 58, 35, 54, 47, 31, 32, 36, 48, 45, 49, 39, 
now min: 17332.0
seq: 1, 2, 3, 4, 5, 6, 7, 8, 9, 10, 11, 12, 13, 14, 15, 16, 17, 18, 19, 20, 21, 55, 22, 23, 24, 26, 38, 27, 51, 59, 29, 40, 30, 52, 34, 46, 44, 60, 28, 43, 41, 57, 50, 56, 53, 42, 25, 37, 33, 58, 35, 54, 47, 31, 32, 36, 48, 45, 49, 39, 
now min: 17298.0
seq: 1, 2, 3, 4, 5, 6, 7, 8, 9, 10, 11, 12, 13, 14, 15, 16, 17, 18, 19, 20, 21, 55, 22, 23, 24, 26, 38, 27, 51, 59, 30, 52, 34, 46, 44, 60, 25, 28, 41, 50, 33, 29, 43, 40, 57, 37, 56, 53, 42, 58, 35, 54, 47, 31, 32, 36, 48, 45, 49, 39, 
now min: 17289.0
seq: 1, 2, 3, 4, 5, 6, 7, 8, 9, 10, 11, 12, 13, 14, 15, 16, 17, 18, 19, 20, 21, 55, 22, 23, 24, 26, 38, 27, 51, 59, 30, 52, 34, 46, 44, 60, 28, 41, 50, 53, 25, 33, 29, 43, 40, 57, 37, 56, 42, 58, 35, 54, 47, 31, 32, 36, 48, 45, 49, 39, 
now min: 17245.0
seq: 1, 2, 3, 4, 5, 6, 7, 8, 9, 10, 11, 12, 13, 14, 15, 16, 17, 18, 19, 20, 21, 55, 22, 23, 24, 26, 38, 27, 51, 59, 30, 52, 34, 46, 44, 60, 28, 41, 50, 29, 43, 40, 57, 56, 53, 42, 58, 35, 25, 37, 33, 54, 47, 31, 32, 36, 48, 45, 49, 39, 
now min: 17239.0
seq: 1, 2, 3, 4, 5, 6, 7, 8, 9, 10, 11, 12, 13, 14, 15, 16, 17, 18, 19, 20, 21, 55, 22, 23, 24, 26, 38, 30, 52, 34, 46, 44, 27, 51, 59, 60, 28, 41, 50, 29, 43, 40, 57, 56, 53, 42, 58, 35, 25, 37, 33, 54, 47, 31, 32, 36, 48, 45, 49, 39, 
now min: 17228.0
seq: 1, 2, 3, 4, 5, 6, 7, 8, 9, 10, 11, 12, 13, 14, 15, 16, 17, 18, 19, 20, 21, 55, 22, 23, 26, 38, 24, 27, 51, 59, 30, 52, 34, 46, 44, 60, 28, 41, 50, 29, 43, 40, 57, 56, 53, 42, 58, 35, 25, 37, 33, 54, 47, 31, 32, 36, 48, 45, 49, 39, 
now min: 17222.0
seq: 1, 2, 3, 4, 5, 6, 7, 8, 9, 10, 11, 12, 13, 14, 15, 16, 17, 18, 19, 20, 21, 55, 22, 23, 26, 38, 24, 30, 52, 34, 46, 44, 27, 51, 59, 60, 28, 41, 50, 29, 43, 40, 57, 56, 53, 42, 58, 35, 25, 37, 33, 54, 47, 31, 32, 36, 48, 45, 49, 39, 
now min: 17212.0
seq: 1, 2, 3, 4, 5, 6, 7, 8, 9, 10, 11, 12, 13, 14, 15, 16, 17, 18, 19, 20, 21, 55, 22, 23, 26, 38, 27, 51, 59, 24, 28, 41, 30, 52, 34, 46, 44, 60, 50, 29, 43, 40, 57, 56, 53, 42, 58, 35, 25, 37, 33, 54, 47, 31, 32, 36, 48, 45, 49, 39, 
now min: 17194.0
seq: 1, 2, 3, 4, 5, 6, 7, 8, 9, 10, 11, 12, 13, 14, 15, 16, 17, 18, 19, 20, 21, 55, 22, 23, 26, 38, 27, 51, 59, 24, 30, 52, 34, 46, 44, 60, 28, 41, 50, 29, 43, 40, 57, 56, 53, 42, 58, 35, 25, 37, 33, 54, 47, 31, 32, 36, 48, 45, 49, 39, 
now min: 17153.0
seq: 1, 2, 3, 4, 5, 6, 7, 8, 9, 10, 11, 12, 13, 14, 15, 16, 17, 18, 19, 20, 21, 55, 22, 23, 26, 38, 27, 51, 59, 28, 41, 30, 34, 46, 44, 24, 52, 60, 50, 29, 43, 40, 57, 56, 53, 42, 58, 35, 25, 37, 33, 54, 47, 31, 32, 36, 48, 45, 49, 39, 
now min: 17152.0
seq: 1, 2, 3, 4, 5, 6, 7, 8, 9, 10, 11, 12, 13, 14, 15, 16, 17, 18, 19, 20, 21, 55, 22, 23, 26, 38, 27, 51, 59, 30, 34, 46, 44, 24, 52, 60, 28, 41, 50, 29, 43, 40, 57, 56, 53, 42, 58, 35, 25, 37, 33, 54, 47, 31, 32, 36, 48, 45, 49, 39, 
now min: 17150.0
seq: 1, 2, 3, 4, 5, 6, 7, 8, 9, 10, 11, 12, 13, 14, 15, 16, 17, 18, 19, 20, 21, 55, 22, 23, 26, 38, 27, 51, 59, 30, 34, 46, 44, 28, 41, 24, 52, 60, 50, 29, 43, 40, 57, 56, 53, 42, 58, 35, 25, 37, 33, 54, 47, 31, 32, 36, 48, 45, 49, 39, 
now min: 17139.0
seq: 1, 2, 3, 4, 5, 6, 7, 8, 9, 10, 11, 12, 13, 14, 15, 16, 17, 18, 19, 20, 21, 55, 22, 26, 38, 23, 27, 51, 59, 28, 41, 30, 34, 46, 44, 24, 52, 60, 50, 29, 43, 40, 57, 56, 53, 42, 58, 35, 25, 37, 33, 54, 47, 31, 32, 36, 48, 45, 49, 39, 
now min: 17138.0
seq: 1, 2, 3, 4, 5, 6, 7, 8, 9, 10, 11, 12, 13, 14, 15, 16, 17, 18, 19, 20, 21, 55, 22, 26, 38, 23, 27, 51, 59, 30, 34, 46, 44, 24, 52, 60, 28, 41, 50, 29, 43, 40, 57, 56, 53, 42, 58, 35, 25, 37, 33, 54, 47, 31, 32, 36, 48, 45, 49, 39, 
now min: 17136.0
seq: 1, 2, 3, 4, 5, 6, 7, 8, 9, 10, 11, 12, 13, 14, 15, 16, 17, 18, 19, 20, 21, 55, 22, 26, 38, 23, 27, 51, 59, 30, 34, 46, 44, 28, 41, 24, 52, 60, 50, 29, 43, 40, 57, 56, 53, 42, 58, 35, 25, 37, 33, 54, 47, 31, 32, 36, 48, 45, 49, 39, 
now min: 17125.0
seq: 1, 2, 3, 4, 5, 6, 7, 8, 9, 10, 11, 12, 13, 14, 15, 16, 17, 18, 19, 20, 21, 55, 22, 26, 38, 27, 51, 23, 59, 28, 41, 30, 34, 46, 44, 24, 52, 60, 50, 29, 43, 40, 57, 56, 53, 42, 58, 35, 25, 37, 33, 54, 47, 31, 32, 36, 48, 45, 49, 39, 
now min: 17124.0
seq: 1, 2, 3, 4, 5, 6, 7, 8, 9, 10, 11, 12, 13, 14, 15, 16, 17, 18, 19, 20, 21, 55, 22, 26, 38, 27, 51, 23, 59, 30, 34, 46, 44, 24, 52, 60, 28, 41, 50, 29, 43, 40, 57, 56, 53, 42, 58, 35, 25, 37, 33, 54, 47, 31, 32, 36, 48, 45, 49, 39, 
now min: 17122.0
seq: 1, 2, 3, 4, 5, 6, 7, 8, 9, 10, 11, 12, 13, 14, 15, 16, 17, 18, 19, 20, 21, 55, 22, 26, 38, 27, 51, 23, 59, 30, 34, 46, 44, 28, 41, 24, 52, 60, 50, 29, 43, 40, 57, 56, 53, 42, 58, 35, 25, 37, 33, 54, 47, 31, 32, 36, 48, 45, 49, 39, 
now min: 17119.0
seq: 1, 2, 3, 4, 5, 6, 7, 8, 9, 10, 11, 12, 13, 14, 15, 16, 17, 18, 19, 20, 21, 55, 22, 26, 38, 27, 51, 28, 41, 23, 59, 30, 34, 46, 44, 24, 52, 60, 50, 29, 43, 40, 57, 56, 53, 42, 58, 35, 25, 37, 33, 54, 47, 31, 32, 36, 48, 45, 49, 39, 
now min: 17116.0
seq: 1, 2, 3, 4, 5, 6, 7, 8, 9, 10, 11, 12, 13, 14, 15, 16, 17, 18, 19, 20, 21, 55, 22, 26, 38, 27, 51, 28, 41, 30, 46, 44, 23, 34, 59, 24, 52, 60, 50, 29, 43, 40, 57, 56, 53, 42, 25, 37, 33, 58, 35, 54, 47, 31, 32, 36, 48, 45, 49, 39, 
now min: 17113.0
seq: 1, 2, 3, 4, 5, 6, 7, 8, 9, 10, 11, 12, 13, 14, 15, 16, 17, 18, 19, 20, 21, 55, 22, 26, 38, 28, 41, 27, 51, 30, 46, 44, 23, 34, 59, 24, 52, 60, 50, 29, 43, 40, 57, 56, 53, 42, 25, 37, 33, 58, 35, 54, 47, 31, 32, 36, 48, 45, 49, 39, 
now min: 17112.0
seq: 1, 2, 3, 4, 5, 6, 7, 8, 9, 10, 11, 12, 13, 14, 15, 16, 17, 18, 19, 20, 21, 55, 22, 28, 41, 26, 38, 27, 51, 30, 46, 44, 23, 34, 59, 24, 52, 60, 50, 29, 43, 40, 57, 56, 53, 42, 25, 37, 33, 58, 35, 54, 47, 31, 32, 36, 48, 45, 49, 39, 
now min: 17102.0
seq: 1, 2, 3, 4, 5, 6, 7, 8, 9, 10, 11, 12, 13, 14, 15, 16, 17, 18, 19, 20, 21, 55, 23, 24, 26, 38, 27, 59, 28, 41, 29, 43, 40, 57, 30, 52, 34, 44, 60, 50, 56, 53, 42, 58, 35, 22, 51, 46, 25, 37, 33, 54, 47, 31, 32, 36, 48, 45, 49, 39, 
now min: 17098.0
seq: 1, 2, 3, 4, 5, 6, 7, 8, 9, 10, 11, 12, 13, 14, 15, 16, 17, 18, 19, 20, 21, 55, 23, 24, 26, 38, 27, 59, 28, 41, 29, 43, 40, 57, 30, 52, 34, 44, 60, 50, 56, 53, 42, 58, 35, 25, 37, 33, 22, 51, 46, 54, 47, 31, 32, 36, 48, 45, 49, 39, 
now min: 17061.0
seq: 1, 2, 3, 4, 5, 6, 7, 8, 9, 10, 11, 12, 13, 14, 15, 16, 17, 18, 19, 20, 21, 55, 23, 24, 26, 38, 27, 59, 28, 41, 30, 52, 34, 44, 60, 50, 29, 43, 40, 57, 56, 53, 42, 58, 35, 22, 51, 46, 25, 37, 33, 54, 47, 31, 32, 36, 48, 45, 49, 39, 
now min: 17057.0
seq: 1, 2, 3, 4, 5, 6, 7, 8, 9, 10, 11, 12, 13, 14, 15, 16, 17, 18, 19, 20, 21, 55, 23, 24, 26, 38, 27, 59, 28, 41, 30, 52, 34, 44, 60, 50, 29, 43, 40, 57, 56, 53, 42, 58, 35, 25, 37, 33, 22, 51, 46, 54, 47, 31, 32, 36, 48, 45, 49, 39, 
now min: 17050.0
seq: 1, 2, 3, 4, 5, 6, 7, 8, 9, 10, 11, 12, 13, 14, 15, 16, 17, 18, 19, 20, 21, 55, 23, 24, 26, 38, 27, 59, 30, 52, 34, 44, 60, 28, 41, 50, 29, 43, 40, 57, 56, 53, 42, 58, 35, 22, 51, 46, 25, 37, 33, 54, 47, 31, 32, 36, 48, 45, 49, 39, 
now min: 17046.0
seq: 1, 2, 3, 4, 5, 6, 7, 8, 9, 10, 11, 12, 13, 14, 15, 16, 17, 18, 19, 20, 21, 55, 23, 24, 26, 38, 27, 59, 30, 52, 34, 44, 60, 28, 41, 50, 29, 43, 40, 57, 56, 53, 42, 58, 35, 25, 37, 33, 22, 51, 46, 54, 47, 31, 32, 36, 48, 45, 49, 39, 
now min: 17033.0
seq: 1, 2, 3, 4, 5, 6, 7, 8, 9, 10, 11, 12, 13, 14, 15, 16, 17, 18, 19, 20, 21, 55, 23, 24, 26, 38, 28, 41, 30, 52, 34, 44, 50, 27, 59, 60, 29, 43, 40, 57, 56, 53, 42, 58, 35, 22, 51, 46, 25, 37, 33, 54, 47, 31, 32, 36, 48, 45, 49, 39, 
now min: 17029.0
seq: 1, 2, 3, 4, 5, 6, 7, 8, 9, 10, 11, 12, 13, 14, 15, 16, 17, 18, 19, 20, 21, 55, 23, 24, 26, 38, 28, 41, 30, 52, 34, 44, 50, 27, 59, 60, 29, 43, 40, 57, 56, 53, 42, 58, 35, 25, 37, 33, 22, 51, 46, 54, 47, 31, 32, 36, 48, 45, 49, 39, 
now min: 17025.0
seq: 1, 2, 3, 4, 5, 6, 7, 8, 9, 10, 11, 12, 13, 14, 15, 16, 17, 18, 19, 20, 21, 55, 23, 24, 26, 38, 30, 52, 34, 44, 27, 59, 60, 28, 41, 50, 29, 43, 40, 57, 56, 53, 42, 58, 35, 25, 37, 33, 22, 51, 46, 54, 47, 31, 32, 36, 48, 45, 49, 39, 
now min: 17023.0
seq: 1, 2, 3, 4, 5, 6, 7, 8, 9, 10, 11, 12, 13, 14, 15, 16, 17, 18, 19, 20, 21, 55, 23, 24, 26, 38, 30, 52, 34, 44, 28, 41, 50, 27, 59, 60, 29, 43, 40, 57, 56, 53, 42, 58, 35, 25, 37, 33, 22, 51, 46, 54, 47, 31, 32, 36, 48, 45, 49, 39, 
now min: 17016.0
seq: 1, 2, 3, 4, 5, 6, 7, 8, 9, 10, 11, 12, 13, 14, 15, 16, 17, 18, 19, 20, 21, 55, 23, 26, 38, 24, 28, 41, 30, 52, 34, 44, 50, 27, 59, 60, 29, 43, 40, 57, 56, 53, 42, 58, 35, 22, 51, 46, 25, 37, 33, 54, 47, 31, 32, 36, 48, 45, 49, 39, 
now min: 17012.0
seq: 1, 2, 3, 4, 5, 6, 7, 8, 9, 10, 11, 12, 13, 14, 15, 16, 17, 18, 19, 20, 21, 55, 23, 26, 38, 24, 28, 41, 30, 52, 34, 44, 50, 27, 59, 60, 29, 43, 40, 57, 56, 53, 42, 58, 35, 25, 37, 33, 22, 51, 46, 54, 47, 31, 32, 36, 48, 45, 49, 39, 
now min: 17008.0
seq: 1, 2, 3, 4, 5, 6, 7, 8, 9, 10, 11, 12, 13, 14, 15, 16, 17, 18, 19, 20, 21, 55, 23, 26, 38, 24, 30, 52, 34, 44, 27, 59, 60, 28, 41, 50, 29, 43, 40, 57, 56, 53, 42, 58, 35, 25, 37, 33, 22, 51, 46, 54, 47, 31, 32, 36, 48, 45, 49, 39, 
now min: 17006.0
seq: 1, 2, 3, 4, 5, 6, 7, 8, 9, 10, 11, 12, 13, 14, 15, 16, 17, 18, 19, 20, 21, 55, 23, 26, 38, 24, 30, 52, 34, 44, 28, 41, 50, 27, 59, 60, 29, 43, 40, 57, 56, 53, 42, 58, 35, 25, 37, 33, 22, 51, 46, 54, 47, 31, 32, 36, 48, 45, 49, 39, 
now min: 16993.0
seq: 1, 2, 3, 4, 5, 6, 7, 8, 9, 10, 11, 12, 13, 14, 15, 16, 17, 18, 19, 20, 21, 55, 23, 26, 38, 27, 59, 28, 41, 30, 34, 44, 24, 52, 60, 50, 53, 29, 43, 40, 57, 56, 42, 58, 35, 22, 51, 46, 25, 37, 33, 54, 47, 31, 32, 36, 48, 45, 49, 39, 
now min: 16989.0
seq: 1, 2, 3, 4, 5, 6, 7, 8, 9, 10, 11, 12, 13, 14, 15, 16, 17, 18, 19, 20, 21, 55, 23, 26, 38, 27, 59, 28, 41, 30, 34, 44, 24, 52, 60, 50, 53, 29, 43, 40, 57, 56, 42, 58, 35, 25, 37, 33, 22, 51, 46, 54, 47, 31, 32, 36, 48, 45, 49, 39, 
now min: 16988.0
seq: 1, 2, 3, 4, 5, 6, 7, 8, 9, 10, 11, 12, 13, 14, 15, 16, 17, 18, 19, 20, 21, 55, 23, 26, 38, 27, 59, 30, 34, 44, 24, 52, 60, 28, 41, 50, 29, 43, 40, 57, 56, 53, 42, 58, 35, 22, 51, 46, 25, 37, 33, 54, 47, 31, 32, 36, 48, 45, 49, 39, 
now min: 16984.0
seq: 1, 2, 3, 4, 5, 6, 7, 8, 9, 10, 11, 12, 13, 14, 15, 16, 17, 18, 19, 20, 21, 55, 23, 26, 38, 27, 59, 30, 34, 44, 24, 52, 60, 28, 41, 50, 29, 43, 40, 57, 56, 53, 42, 58, 35, 25, 37, 33, 22, 51, 46, 54, 47, 31, 32, 36, 48, 45, 49, 39, 
now min: 16982.0
seq: 1, 2, 3, 4, 5, 6, 7, 8, 9, 10, 11, 12, 13, 14, 15, 16, 17, 18, 19, 20, 21, 55, 23, 26, 38, 28, 41, 30, 34, 44, 24, 52, 50, 27, 59, 60, 53, 29, 43, 40, 57, 56, 42, 58, 35, 22, 51, 46, 25, 37, 33, 54, 47, 31, 32, 36, 48, 45, 49, 39, 
now min: 16978.0
seq: 1, 2, 3, 4, 5, 6, 7, 8, 9, 10, 11, 12, 13, 14, 15, 16, 17, 18, 19, 20, 21,