now min: 2134.0, node_ct: 1.000000
2, 1, 3, 4, 5, 6, 7, 8, 9, 10, 11, 12, 13, 14, 15, 

now min: 2052.0, node_ct: 10.000000
11, 1, 3, 4, 5, 6, 7, 8, 9, 10, 2, 12, 13, 14, 15, 

now min: 1959.0, node_ct: 13.000000
14, 1, 3, 4, 5, 6, 7, 8, 9, 10, 2, 12, 13, 11, 15, 

now min: 1922.0, node_ct: 17.000000
14, 5, 3, 4, 1, 6, 7, 8, 9, 10, 2, 12, 13, 11, 15, 

now min: 1870.0, node_ct: 36.000000
14, 5, 12, 4, 1, 6, 7, 8, 9, 10, 2, 3, 13, 11, 15, 

now min: 1856.0, node_ct: 40.000000
14, 5, 12, 1, 4, 6, 7, 8, 9, 10, 2, 3, 13, 11, 15, 

now min: 1803.0, node_ct: 59.000000
14, 5, 12, 1, 11, 6, 7, 8, 9, 10, 2, 3, 13, 4, 15, 

now min: 1767.0, node_ct: 60.000000
14, 5, 12, 1, 15, 6, 7, 8, 9, 10, 2, 3, 13, 4, 11, 

now min: 1754.0, node_ct: 63.000000
14, 5, 12, 1, 15, 9, 7, 8, 6, 10, 2, 3, 13, 4, 11, 

now min: 1739.0, node_ct: 71.000000
14, 5, 12, 1, 15, 9, 6, 8, 7, 10, 2, 3, 13, 4, 11, 

now min: 1733.0, node_ct: 83.000000
14, 5, 12, 1, 15, 9, 6, 4, 7, 10, 2, 3, 13, 8, 11, 

now min: 1674.0, node_ct: 84.000000
14, 5, 12, 1, 15, 9, 6, 11, 7, 10, 2, 3, 13, 8, 4, 

now min: 1649.0, node_ct: 88.000000
14, 5, 12, 1, 15, 9, 6, 11, 13, 10, 2, 3, 7, 8, 4, 

now min: 1647.0, node_ct: 157.000000
14, 5, 12, 1, 6, 9, 15, 11, 13, 10, 2, 3, 7, 8, 4, 

finish!
