now min: 5703.0, node_ct: 1.000000
2, 1, 3, 4, 5, 6, 7, 8, 9, 10, 11, 12, 13, 14, 15, 16, 17, 18, 19, 20, 

now min: 5609.0, node_ct: 4.000000
5, 1, 3, 4, 2, 6, 7, 8, 9, 10, 11, 12, 13, 14, 15, 16, 17, 18, 19, 20, 

now min: 5483.0, node_ct: 29.000000
5, 12, 3, 4, 2, 6, 7, 8, 9, 10, 11, 1, 13, 14, 15, 16, 17, 18, 19, 20, 

now min: 5462.0, node_ct: 50.000000
5, 12, 16, 4, 2, 6, 7, 8, 9, 10, 11, 1, 13, 14, 15, 3, 17, 18, 19, 20, 

now min: 5429.0, node_ct: 62.000000
5, 12, 16, 1, 2, 6, 7, 8, 9, 10, 11, 4, 13, 14, 15, 3, 17, 18, 19, 20, 

now min: 5396.0, node_ct: 87.000000
5, 12, 16, 1, 2, 8, 7, 6, 9, 10, 11, 4, 13, 14, 15, 3, 17, 18, 19, 20, 

now min: 5369.0, node_ct: 107.000000
5, 12, 16, 1, 2, 8, 15, 6, 9, 10, 11, 4, 13, 14, 7, 3, 17, 18, 19, 20, 

now min: 5367.0, node_ct: 125.000000
5, 12, 16, 1, 2, 8, 15, 6, 10, 9, 11, 4, 13, 14, 7, 3, 17, 18, 19, 20, 

now min: 5351.0, node_ct: 141.000000
5, 12, 16, 1, 2, 8, 15, 6, 10, 3, 11, 4, 13, 14, 7, 9, 17, 18, 19, 20, 

now min: 5339.0, node_ct: 147.000000
5, 12, 16, 1, 2, 8, 15, 6, 10, 3, 13, 4, 11, 14, 7, 9, 17, 18, 19, 20, 

now min: 5336.0, node_ct: 165.000000
5, 12, 16, 1, 2, 8, 15, 6, 10, 3, 13, 4, 9, 14, 7, 11, 17, 18, 19, 20, 

now min: 5301.0, node_ct: 167.000000
5, 12, 16, 1, 2, 8, 15, 6, 10, 3, 13, 4, 18, 14, 7, 11, 17, 9, 19, 20, 

now min: 5299.0, node_ct: 176.000000
5, 12, 16, 1, 2, 8, 15, 6, 10, 3, 13, 4, 18, 14, 11, 7, 17, 9, 19, 20, 

now min: 5291.0, node_ct: 177.000000
5, 12, 16, 1, 2, 8, 15, 6, 10, 3, 13, 4, 18, 14, 17, 7, 11, 9, 19, 20, 

now min: 5255.0, node_ct: 180.000000
5, 12, 16, 1, 2, 8, 15, 6, 10, 3, 13, 4, 18, 14, 20, 7, 11, 9, 19, 17, 

now min: 5253.0, node_ct: 181.000000
5, 12, 16, 1, 2, 8, 15, 6, 10, 3, 13, 4, 18, 14, 20, 11, 7, 9, 19, 17, 

now min: 5245.0, node_ct: 182.000000
5, 12, 16, 1, 2, 8, 15, 6, 10, 3, 13, 4, 18, 14, 20, 9, 7, 11, 19, 17, 

now min: 5236.0, node_ct: 186.000000
5, 12, 16, 1, 2, 8, 15, 6, 10, 3, 13, 4, 18, 14, 20, 9, 19, 11, 7, 17, 

now min: 5215.0, node_ct: 187.000000
5, 12, 16, 1, 2, 8, 15, 6, 10, 3, 13, 4, 18, 14, 20, 9, 17, 11, 7, 19, 

now min: 5211.0, node_ct: 188.000000
5, 12, 16, 1, 2, 8, 15, 6, 10, 3, 13, 4, 18, 14, 20, 9, 17, 7, 11, 19, 

now min: 5162.0, node_ct: 189.000000
5, 12, 16, 1, 2, 8, 15, 6, 10, 3, 13, 4, 18, 14, 20, 9, 17, 19, 11, 7, 

finish!
