now min: 11770.0
2, 1, 3, 4, 5, 6, 7, 8, 9, 10, 11, 12, 13, 14, 15, 16, 17, 18, 19, 20, 21, 22, 23, 24, 25, 

now min: 11763.0
19, 1, 3, 4, 5, 6, 7, 8, 9, 10, 11, 12, 13, 14, 15, 16, 17, 18, 2, 20, 21, 22, 23, 24, 25, 

now min: 11742.0
20, 1, 3, 4, 5, 6, 7, 8, 9, 10, 11, 12, 13, 14, 15, 16, 17, 18, 2, 19, 21, 22, 23, 24, 25, 

now min: 11718.0
24, 1, 3, 4, 5, 6, 7, 8, 9, 10, 11, 12, 13, 14, 15, 16, 17, 18, 2, 19, 21, 22, 23, 20, 25, 

now min: 11711.0
25, 1, 3, 4, 5, 6, 7, 8, 9, 10, 11, 12, 13, 14, 15, 16, 17, 18, 2, 19, 21, 22, 23, 20, 24, 

now min: 11705.0
25, 19, 3, 4, 5, 6, 7, 8, 9, 10, 11, 12, 13, 14, 15, 16, 17, 18, 2, 1, 21, 22, 23, 20, 24, 

now min: 11601.0
25, 20, 3, 4, 5, 6, 7, 8, 9, 10, 11, 12, 13, 14, 15, 16, 17, 18, 2, 1, 21, 22, 23, 19, 24, 

now min: 11560.0
25, 20, 12, 4, 5, 6, 7, 8, 9, 10, 11, 3, 13, 14, 15, 16, 17, 18, 2, 1, 21, 22, 23, 19, 24, 

now min: 11491.0
25, 20, 12, 10, 5, 6, 7, 8, 9, 4, 11, 3, 13, 14, 15, 16, 17, 18, 2, 1, 21, 22, 23, 19, 24, 

now min: 11440.0
25, 20, 12, 10, 5, 18, 7, 8, 9, 4, 11, 3, 13, 14, 15, 16, 17, 6, 2, 1, 21, 22, 23, 19, 24, 

now min: 11392.0
25, 20, 12, 10, 5, 18, 7, 15, 9, 4, 11, 3, 13, 14, 8, 16, 17, 6, 2, 1, 21, 22, 23, 19, 24, 

now min: 11370.0
25, 20, 12, 10, 5, 18, 7, 15, 9, 11, 4, 3, 13, 14, 8, 16, 17, 6, 2, 1, 21, 22, 23, 19, 24, 

now min: 11325.0
25, 20, 12, 10, 5, 18, 7, 15, 9, 11, 1, 3, 13, 14, 8, 16, 17, 6, 2, 4, 21, 22, 23, 19, 24, 

now min: 11280.0
25, 20, 12, 10, 5, 18, 7, 15, 9, 11, 1, 17, 13, 14, 8, 16, 3, 6, 2, 4, 21, 22, 23, 19, 24, 

now min: 11137.0
25, 20, 12, 10, 5, 18, 7, 15, 9, 11, 1, 22, 13, 14, 8, 16, 3, 6, 2, 4, 21, 17, 23, 19, 24, 

now min: 11103.0
25, 20, 12, 10, 5, 18, 7, 15, 9, 11, 1, 22, 17, 14, 8, 16, 3, 6, 2, 4, 21, 13, 23, 19, 24, 

now min: 11052.0
25, 20, 12, 10, 5, 18, 7, 15, 9, 11, 1, 22, 24, 14, 8, 16, 3, 6, 2, 4, 21, 13, 23, 19, 17, 

now min: 10983.0
25, 20, 12, 10, 5, 18, 7, 15, 9, 11, 1, 22, 24, 6, 8, 16, 3, 14, 2, 4, 21, 13, 23, 19, 17, 

now min: 10928.0
25, 20, 12, 10, 5, 18, 7, 15, 9, 11, 1, 22, 24, 6, 13, 16, 3, 14, 2, 4, 21, 8, 23, 19, 17, 

now min: 10843.0
25, 20, 12, 10, 5, 18, 7, 15, 9, 11, 1, 22, 24, 6, 13, 17, 3, 14, 2, 4, 21, 8, 23, 19, 16, 

now min: 10771.0
25, 20, 12, 10, 5, 18, 7, 15, 9, 11, 1, 22, 24, 6, 13, 17, 8, 14, 2, 4, 21, 3, 23, 19, 16, 

now min: 10763.0
25, 20, 12, 10, 5, 18, 7, 15, 9, 11, 1, 22, 24, 6, 13, 17, 8, 19, 2, 4, 21, 3, 23, 14, 16, 

now min: 10750.0
25, 20, 12, 10, 5, 18, 7, 15, 9, 11, 1, 22, 24, 6, 13, 17, 8, 19, 3, 4, 21, 2, 23, 14, 16, 

now min: 10728.0
25, 20, 12, 10, 5, 18, 7, 15, 9, 11, 1, 22, 24, 6, 13, 17, 8, 19, 14, 4, 21, 2, 23, 3, 16, 

now min: 10710.0
25, 20, 12, 10, 5, 18, 7, 15, 9, 11, 1, 22, 24, 6, 13, 17, 8, 19, 14, 21, 4, 2, 23, 3, 16, 

now min: 10689.0
25, 20, 12, 10, 5, 18, 7, 15, 9, 11, 1, 22, 24, 6, 13, 17, 8, 19, 14, 2, 4, 21, 23, 3, 16, 

now min: 10667.0
25, 20, 12, 10, 5, 18, 7, 15, 9, 11, 1, 22, 24, 6, 13, 17, 8, 19, 14, 2, 21, 4, 23, 3, 16, 

now min: 10634.0
25, 20, 12, 10, 5, 18, 7, 15, 9, 11, 1, 22, 24, 6, 13, 17, 8, 19, 14, 2, 3, 4, 23, 21, 16, 

now min: 10621.0
25, 20, 12, 10, 5, 18, 7, 15, 9, 11, 1, 22, 24, 6, 13, 17, 8, 19, 14, 2, 3, 4, 16, 21, 23, 

now min: 10618.0
25, 20, 12, 10, 5, 18, 7, 15, 9, 11, 1, 22, 24, 6, 17, 13, 8, 19, 14, 2, 3, 4, 16, 21, 23, 

finish!
