now min: 17883.0
2, 1, 3, 4, 5, 6, 7, 8, 9, 10, 11, 12, 13, 14, 15, 16, 17, 18, 19, 20, 21, 22, 23, 24, 25, 26, 27, 28, 29, 30, 

now min: 17843.0
21, 1, 3, 4, 5, 6, 7, 8, 9, 10, 11, 12, 13, 14, 15, 16, 17, 18, 19, 20, 2, 22, 23, 24, 25, 26, 27, 28, 29, 30, 

now min: 17590.0
23, 1, 3, 4, 5, 6, 7, 8, 9, 10, 11, 12, 13, 14, 15, 16, 17, 18, 19, 20, 2, 22, 21, 24, 25, 26, 27, 28, 29, 30, 

now min: 17484.0
25, 1, 3, 4, 5, 6, 7, 8, 9, 10, 11, 12, 13, 14, 15, 16, 17, 18, 19, 20, 2, 22, 21, 24, 23, 26, 27, 28, 29, 30, 

now min: 17461.0
27, 1, 3, 4, 5, 6, 7, 8, 9, 10, 11, 12, 13, 14, 15, 16, 17, 18, 19, 20, 2, 22, 21, 24, 23, 26, 25, 28, 29, 30, 

now min: 17278.0
30, 1, 3, 4, 5, 6, 7, 8, 9, 10, 11, 12, 13, 14, 15, 16, 17, 18, 19, 20, 2, 22, 21, 24, 23, 26, 25, 28, 29, 27, 

now min: 17276.0
30, 2, 3, 4, 5, 6, 7, 8, 9, 10, 11, 12, 13, 14, 15, 16, 17, 18, 19, 20, 1, 22, 21, 24, 23, 26, 25, 28, 29, 27, 

now min: 17246.0
30, 21, 3, 4, 5, 6, 7, 8, 9, 10, 11, 12, 13, 14, 15, 16, 17, 18, 19, 20, 1, 22, 2, 24, 23, 26, 25, 28, 29, 27, 

now min: 17176.0
30, 21, 17, 4, 5, 6, 7, 8, 9, 10, 11, 12, 13, 14, 15, 16, 3, 18, 19, 20, 1, 22, 2, 24, 23, 26, 25, 28, 29, 27, 

now min: 17168.0
30, 21, 29, 4, 5, 6, 7, 8, 9, 10, 11, 12, 13, 14, 15, 16, 3, 18, 19, 20, 1, 22, 2, 24, 23, 26, 25, 28, 17, 27, 

now min: 17142.0
30, 21, 29, 1, 5, 6, 7, 8, 9, 10, 11, 12, 13, 14, 15, 16, 3, 18, 19, 20, 4, 22, 2, 24, 23, 26, 25, 28, 17, 27, 

now min: 17138.0
30, 21, 29, 2, 5, 6, 7, 8, 9, 10, 11, 12, 13, 14, 15, 16, 3, 18, 19, 20, 4, 22, 1, 24, 23, 26, 25, 28, 17, 27, 

now min: 17050.0
30, 21, 29, 28, 5, 6, 7, 8, 9, 10, 11, 12, 13, 14, 15, 16, 3, 18, 19, 20, 4, 22, 1, 24, 23, 26, 25, 2, 17, 27, 

now min: 17022.0
30, 21, 29, 28, 5, 16, 7, 8, 9, 10, 11, 12, 13, 14, 15, 6, 3, 18, 19, 20, 4, 22, 1, 24, 23, 26, 25, 2, 17, 27, 

now min: 16965.0
30, 21, 29, 28, 5, 16, 15, 8, 9, 10, 11, 12, 13, 14, 7, 6, 3, 18, 19, 20, 4, 22, 1, 24, 23, 26, 25, 2, 17, 27, 

now min: 16911.0
30, 21, 29, 28, 5, 16, 15, 12, 9, 10, 11, 8, 13, 14, 7, 6, 3, 18, 19, 20, 4, 22, 1, 24, 23, 26, 25, 2, 17, 27, 

now min: 16830.0
30, 21, 29, 28, 5, 16, 15, 12, 20, 10, 11, 8, 13, 14, 7, 6, 3, 18, 19, 9, 4, 22, 1, 24, 23, 26, 25, 2, 17, 27, 

now min: 16711.0
30, 21, 29, 28, 5, 16, 15, 12, 20, 3, 11, 8, 13, 14, 7, 6, 10, 18, 19, 9, 4, 22, 1, 24, 23, 26, 25, 2, 17, 27, 

now min: 16627.0
30, 21, 29, 28, 5, 16, 15, 12, 20, 23, 11, 8, 13, 14, 7, 6, 10, 18, 19, 9, 4, 22, 1, 24, 3, 26, 25, 2, 17, 27, 

now min: 16599.0
30, 21, 29, 28, 5, 16, 15, 12, 20, 23, 11, 18, 13, 14, 7, 6, 10, 8, 19, 9, 4, 22, 1, 24, 3, 26, 25, 2, 17, 27, 

now min: 16562.0
30, 21, 29, 28, 5, 16, 15, 12, 20, 23, 11, 24, 13, 14, 7, 6, 10, 8, 19, 9, 4, 22, 1, 18, 3, 26, 25, 2, 17, 27, 

now min: 16380.0
30, 21, 29, 28, 5, 16, 15, 12, 20, 23, 11, 27, 13, 14, 7, 6, 10, 8, 19, 9, 4, 22, 1, 18, 3, 26, 25, 2, 17, 24, 

now min: 16345.0
30, 21, 29, 28, 5, 16, 15, 12, 20, 23, 11, 27, 6, 14, 7, 13, 10, 8, 19, 9, 4, 22, 1, 18, 3, 26, 25, 2, 17, 24, 

now min: 16316.0
30, 21, 29, 28, 5, 16, 15, 12, 20, 23, 11, 27, 3, 14, 7, 13, 10, 8, 19, 9, 4, 22, 1, 18, 6, 26, 25, 2, 17, 24, 

now min: 16289.0
30, 21, 29, 28, 5, 16, 15, 12, 20, 23, 11, 27, 24, 14, 7, 13, 10, 8, 19, 9, 4, 22, 1, 18, 6, 26, 25, 2, 17, 3, 

now min: 16264.0
30, 21, 29, 28, 5, 16, 15, 12, 20, 23, 11, 27, 24, 14, 7, 19, 10, 8, 13, 9, 4, 22, 1, 18, 6, 26, 25, 2, 17, 3, 

now min: 16198.0
30, 21, 29, 28, 5, 16, 15, 12, 20, 23, 11, 27, 24, 14, 7, 3, 10, 8, 13, 9, 4, 22, 1, 18, 6, 26, 25, 2, 17, 19, 

now min: 16054.0
30, 21, 29, 28, 5, 16, 15, 12, 20, 23, 11, 27, 24, 14, 7, 3, 6, 8, 13, 9, 4, 22, 1, 18, 10, 26, 25, 2, 17, 19, 

now min: 16020.0
30, 21, 29, 28, 5, 16, 15, 12, 20, 23, 11, 27, 24, 14, 7, 3, 17, 8, 13, 9, 4, 22, 1, 18, 10, 26, 25, 2, 6, 19, 

now min: 15911.0
30, 21, 29, 28, 5, 16, 15, 12, 20, 23, 11, 27, 24, 14, 7, 3, 17, 6, 13, 9, 4, 22, 1, 18, 10, 26, 25, 2, 8, 19, 

now min: 15909.0
30, 21, 29, 28, 5, 16, 15, 12, 20, 23, 11, 27, 24, 14, 7, 3, 17, 6, 18, 9, 4, 22, 1, 13, 10, 26, 25, 2, 8, 19, 

now min: 15872.0
30, 21, 29, 28, 5, 16, 15, 12, 20, 23, 11, 27, 24, 14, 7, 3, 17, 6, 18, 13, 4, 22, 1, 9, 10, 26, 25, 2, 8, 19, 

now min: 15617.0
30, 21, 29, 28, 5, 16, 15, 12, 20, 23, 11, 27, 24, 14, 7, 3, 17, 6, 18, 26, 4, 22, 1, 9, 10, 13, 25, 2, 8, 19, 

now min: 15572.0
30, 21, 29, 28, 5, 16, 15, 12, 20, 23, 11, 27, 24, 14, 7, 3, 17, 6, 18, 26, 1, 22, 4, 9, 10, 13, 25, 2, 8, 19, 

now min: 15565.0
30, 21, 29, 28, 5, 16, 15, 12, 20, 23, 11, 27, 24, 14, 7, 3, 17, 6, 18, 26, 13, 22, 4, 9, 10, 1, 25, 2, 8, 19, 

now min: 15514.0
30, 21, 29, 28, 5, 16, 15, 12, 20, 23, 11, 27, 24, 14, 7, 3, 17, 6, 18, 26, 2, 22, 4, 9, 10, 1, 25, 13, 8, 19, 

now min: 15474.0
30, 21, 29, 28, 5, 16, 15, 12, 20, 23, 11, 27, 24, 14, 7, 3, 17, 6, 18, 26, 2, 13, 4, 9, 10, 1, 25, 22, 8, 19, 

now min: 15456.0
30, 21, 29, 28, 5, 16, 15, 12, 20, 23, 11, 27, 24, 14, 7, 3, 17, 6, 18, 26, 2, 13, 9, 4, 10, 1, 25, 22, 8, 19, 

now min: 15399.0
30, 21, 29, 28, 5, 16, 15, 12, 20, 23, 11, 27, 24, 14, 7, 3, 17, 6, 18, 26, 2, 13, 1, 4, 10, 9, 25, 22, 8, 19, 

now min: 15354.0
30, 21, 29, 28, 5, 16, 15, 12, 20, 23, 11, 27, 24, 14, 7, 3, 17, 6, 18, 26, 2, 13, 1, 9, 10, 4, 25, 22, 8, 19, 

now min: 15241.0
30, 21, 29, 28, 5, 16, 15, 12, 20, 23, 11, 27, 24, 14, 7, 3, 17, 6, 18, 26, 2, 13, 1, 25, 10, 4, 9, 22, 8, 19, 

now min: 15185.0
30, 21, 29, 28, 5, 16, 15, 12, 20, 23, 11, 27, 24, 14, 7, 3, 17, 6, 18, 26, 2, 13, 1, 25, 22, 4, 9, 10, 8, 19, 

now min: 15182.0
30, 21, 29, 28, 5, 16, 15, 12, 20, 23, 11, 27, 24, 14, 7, 3, 17, 6, 18, 26, 2, 13, 1, 25, 22, 4, 9, 10, 19, 8, 

now min: 15164.0
12, 21, 29, 28, 5, 16, 15, 30, 20, 23, 11, 27, 24, 14, 7, 3, 17, 6, 18, 26, 2, 13, 1, 25, 22, 4, 9, 10, 19, 8, 

now min: 15146.0
12, 21, 15, 28, 5, 16, 29, 30, 20, 23, 11, 27, 24, 14, 7, 3, 17, 6, 18, 26, 2, 13, 1, 25, 22, 4, 9, 10, 19, 8, 

now min: 15119.0
12, 21, 15, 28, 5, 16, 27, 30, 20, 23, 11, 29, 24, 14, 7, 3, 17, 6, 18, 26, 2, 13, 1, 25, 22, 4, 9, 10, 19, 8, 

now min: 15115.0
12, 21, 15, 28, 5, 16, 27, 23, 20, 30, 11, 29, 24, 14, 7, 3, 17, 6, 18, 26, 2, 13, 1, 25, 22, 4, 9, 10, 19, 8, 

now min: 15112.0
12, 21, 15, 28, 5, 16, 27, 23, 20, 30, 11, 17, 24, 14, 7, 3, 29, 6, 18, 26, 2, 13, 1, 25, 22, 4, 9, 10, 19, 8, 

now min: 15103.0
12, 21, 15, 28, 5, 16, 27, 23, 20, 30, 11, 17, 29, 14, 7, 3, 24, 6, 18, 26, 2, 13, 1, 25, 22, 4, 9, 10, 19, 8, 

now min: 15071.0
12, 21, 15, 28, 5, 16, 27, 23, 20, 30, 11, 17, 29, 3, 7, 14, 24, 6, 18, 26, 2, 13, 1, 25, 22, 4, 9, 10, 19, 8, 

now min: 15041.0
12, 21, 15, 28, 5, 16, 27, 23, 20, 30, 11, 17, 29, 3, 24, 14, 7, 6, 18, 26, 2, 13, 1, 25, 22, 4, 9, 10, 19, 8, 

now min: 15027.0
12, 21, 15, 28, 5, 16, 27, 23, 20, 30, 11, 17, 29, 3, 24, 14, 7, 2, 18, 26, 6, 13, 1, 25, 22, 4, 9, 10, 19, 8, 

now min: 15006.0
12, 21, 15, 28, 5, 16, 27, 23, 20, 30, 11, 17, 29, 3, 24, 14, 7, 1, 18, 26, 6, 13, 2, 25, 22, 4, 9, 10, 19, 8, 

now min: 15004.0
12, 21, 15, 28, 5, 16, 27, 23, 20, 30, 11, 17, 29, 3, 24, 14, 7, 1, 18, 26, 6, 13, 9, 25, 22, 4, 2, 10, 19, 8, 

now min: 14933.0
12, 21, 15, 28, 5, 16, 27, 23, 20, 30, 11, 17, 29, 3, 24, 14, 7, 1, 18, 26, 6, 13, 9, 2, 22, 4, 25, 10, 19, 8, 

now min: 14911.0
12, 21, 15, 28, 5, 16, 27, 23, 20, 30, 11, 17, 29, 3, 24, 14, 7, 1, 18, 26, 6, 13, 9, 2, 22, 4, 25, 19, 10, 8, 

now min: 14863.0
12, 21, 15, 28, 5, 16, 27, 23, 20, 30, 11, 17, 29, 3, 24, 14, 7, 1, 18, 26, 6, 13, 9, 2, 22, 4, 25, 19, 8, 10, 

now min: 14862.0
12, 21, 15, 5, 28, 16, 27, 23, 20, 30, 11, 17, 29, 3, 24, 14, 7, 1, 18, 26, 6, 13, 9, 2, 22, 4, 25, 19, 8, 10, 

now min: 14856.0
12, 21, 15, 5, 28, 16, 27, 11, 20, 30, 23, 17, 29, 3, 24, 14, 7, 1, 18, 26, 6, 13, 9, 2, 22, 4, 25, 19, 8, 10, 

now min: 14855.0
12, 21, 15, 5, 28, 16, 27, 11, 20, 23, 30, 17, 29, 3, 24, 14, 7, 1, 18, 26, 6, 13, 9, 2, 22, 4, 25, 19, 8, 10, 

now min: 14849.0
12, 21, 15, 5, 28, 16, 27, 11, 20, 23, 30, 17, 29, 3, 24, 14, 7, 26, 18, 1, 6, 13, 9, 2, 22, 4, 25, 19, 8, 10, 

now min: 14840.0
12, 21, 15, 5, 28, 16, 27, 11, 20, 23, 30, 17, 29, 3, 24, 14, 7, 26, 18, 1, 6, 13, 2, 9, 22, 4, 25, 19, 8, 10, 

now min: 14838.0
12, 21, 15, 5, 28, 16, 27, 11, 20, 23, 30, 17, 29, 3, 24, 14, 7, 26, 18, 1, 6, 13, 2, 9, 22, 4, 19, 25, 8, 10, 

now min: 14827.0
12, 21, 15, 5, 28, 16, 27, 11, 20, 23, 30, 17, 29, 3, 24, 14, 7, 26, 1, 18, 6, 13, 2, 9, 22, 4, 19, 25, 8, 10, 

now min: 14818.0
12, 21, 15, 5, 28, 16, 27, 11, 20, 23, 30, 17, 29, 3, 24, 14, 7, 26, 1, 18, 6, 2, 13, 9, 22, 4, 19, 25, 8, 10, 

now min: 14816.0
12, 21, 15, 5, 28, 16, 27, 11, 20, 23, 30, 17, 29, 3, 24, 14, 7, 26, 1, 18, 6, 2, 13, 9, 22, 4, 19, 8, 25, 10, 

now min: 14815.0
12, 21, 15, 28, 5, 16, 27, 11, 20, 23, 30, 17, 29, 3, 24, 14, 7, 26, 1, 18, 6, 2, 13, 9, 22, 4, 19, 8, 25, 10, 

finish!
