now min: 717.0, node_ct: 11.000000
10, 11, 9, 8, 7, 6, 5, 4, 17, 3, 2, 1, 13, 16, 18, 20, 19, 12, 15, 14, 

now min: 707.0, node_ct: 13.000000
10, 11, 9, 8, 7, 6, 5, 4, 17, 3, 1, 13, 16, 2, 18, 20, 19, 12, 15, 14, 

now min: 695.0, node_ct: 21.000000
10, 11, 9, 8, 7, 6, 5, 4, 1, 13, 16, 17, 19, 3, 2, 18, 20, 12, 15, 14, 

now min: 683.0, node_ct: 59.000000
10, 11, 9, 8, 7, 6, 5, 1, 13, 19, 4, 16, 17, 3, 2, 18, 20, 12, 15, 14, 

now min: 675.0, node_ct: 124.000000
10, 11, 9, 8, 7, 6, 4, 1, 13, 16, 17, 19, 5, 3, 2, 18, 20, 12, 15, 14, 

now min: 673.0, node_ct: 131.000000
10, 11, 9, 8, 7, 6, 4, 1, 13, 16, 17, 19, 3, 2, 20, 5, 18, 12, 15, 14, 

now min: 663.0, node_ct: 287.000000
10, 11, 9, 8, 7, 6, 1, 13, 19, 4, 16, 17, 5, 3, 2, 18, 20, 12, 15, 14, 

now min: 661.0, node_ct: 294.000000
10, 11, 9, 8, 7, 6, 1, 13, 19, 4, 16, 17, 3, 2, 20, 5, 18, 12, 15, 14, 

now min: 651.0, node_ct: 1657.000000
10, 11, 9, 8, 7, 1, 13, 19, 6, 4, 16, 17, 5, 3, 2, 18, 20, 12, 15, 14, 

now min: 649.0, node_ct: 1664.000000
10, 11, 9, 8, 7, 1, 13, 19, 6, 4, 16, 17, 3, 2, 20, 5, 18, 12, 15, 14, 

now min: 647.0, node_ct: 1778.000000
10, 11, 9, 8, 7, 1, 13, 19, 4, 17, 6, 16, 3, 2, 20, 5, 18, 12, 15, 14, 

now min: 645.0, node_ct: 11776.000000
10, 11, 9, 8, 1, 13, 19, 7, 6, 4, 16, 17, 3, 2, 20, 5, 18, 12, 15, 14, 

now min: 643.0, node_ct: 11890.000000
10, 11, 9, 8, 1, 13, 19, 7, 4, 17, 6, 16, 3, 2, 20, 5, 18, 12, 15, 14, 

now min: 631.0, node_ct: 16277.000000
10, 11, 9, 7, 6, 5, 1, 13, 19, 14, 4, 16, 17, 3, 2, 18, 15, 8, 20, 12, 

now min: 624.0, node_ct: 16603.000000
10, 11, 9, 7, 6, 4, 1, 13, 16, 17, 19, 5, 14, 3, 2, 18, 15, 8, 20, 12, 

now min: 621.0, node_ct: 17386.000000
10, 11, 9, 7, 6, 1, 13, 19, 5, 14, 4, 16, 17, 3, 2, 18, 15, 8, 20, 12, 

now min: 612.0, node_ct: 17451.000000
10, 11, 9, 7, 6, 1, 13, 19, 4, 16, 17, 5, 14, 3, 2, 18, 15, 8, 20, 12, 

now min: 611.0, node_ct: 19408.000000
10, 11, 9, 7, 5, 1, 13, 19, 14, 4, 17, 6, 16, 3, 2, 18, 15, 8, 20, 12, 

now min: 609.0, node_ct: 25867.000000
10, 11, 9, 7, 1, 13, 19, 6, 5, 14, 4, 16, 17, 3, 2, 18, 15, 8, 20, 12, 

now min: 600.0, node_ct: 25932.000000
10, 11, 9, 7, 1, 13, 19, 6, 4, 16, 17, 5, 14, 3, 2, 18, 15, 8, 20, 12, 

now min: 598.0, node_ct: 26519.000000
10, 11, 9, 7, 1, 13, 19, 4, 17, 6, 16, 5, 14, 3, 2, 18, 15, 8, 20, 12, 

now min: 596.0, node_ct: 98347.000000
10, 11, 9, 1, 13, 19, 7, 6, 4, 16, 17, 5, 14, 3, 2, 18, 15, 8, 20, 12, 

now min: 594.0, node_ct: 98934.000000
10, 11, 9, 1, 13, 19, 7, 4, 17, 6, 16, 5, 14, 3, 2, 18, 15, 8, 20, 12, 

now min: 592.0, node_ct: 879255.000000
10, 11, 1, 13, 19, 9, 7, 6, 4, 16, 17, 5, 14, 3, 2, 18, 15, 8, 20, 12, 

now min: 590.0, node_ct: 879842.000000
10, 11, 1, 13, 19, 9, 7, 4, 17, 6, 16, 5, 14, 3, 2, 18, 15, 8, 20, 12, 

now min: 589.0, node_ct: 932098.000000
10, 11, 1, 13, 19, 5, 14, 9, 7, 4, 17, 6, 16, 3, 2, 18, 15, 8, 20, 12, 

finish!
