now min: 1875.0
15, 14, 24, 13, 12, 11, 20, 10, 9, 29, 8, 7, 6, 26, 5, 16, 4, 3, 2, 1, 28, 19, 23, 27, 18, 30, 17, 25, 22, 21, 

now min: 1868.0
15, 14, 24, 13, 12, 11, 20, 10, 9, 29, 8, 7, 6, 26, 5, 16, 4, 17, 2, 1, 28, 18, 3, 19, 23, 27, 30, 25, 22, 21, 

now min: 1856.0
15, 14, 24, 13, 12, 11, 20, 10, 9, 29, 8, 7, 6, 26, 5, 16, 4, 1, 28, 2, 18, 3, 19, 23, 27, 30, 17, 25, 22, 21, 

now min: 1841.0
15, 14, 24, 13, 12, 11, 20, 10, 9, 29, 8, 7, 6, 26, 5, 16, 3, 2, 1, 28, 23, 18, 4, 19, 27, 30, 17, 25, 22, 21, 

now min: 1839.0
15, 14, 24, 13, 12, 11, 20, 10, 9, 29, 8, 7, 6, 26, 5, 16, 3, 1, 28, 2, 23, 18, 4, 19, 27, 30, 17, 25, 22, 21, 

now min: 1830.0
15, 14, 24, 13, 12, 11, 20, 10, 9, 29, 8, 7, 6, 26, 5, 16, 2, 1, 28, 18, 4, 3, 19, 23, 27, 30, 17, 25, 22, 21, 

now min: 1817.0
15, 14, 24, 13, 12, 11, 20, 10, 9, 29, 8, 7, 6, 26, 5, 16, 2, 1, 28, 18, 3, 23, 4, 19, 27, 30, 17, 25, 22, 21, 

now min: 1815.0
15, 14, 24, 13, 12, 11, 20, 10, 9, 29, 8, 7, 6, 26, 5, 16, 1, 28, 2, 18, 3, 23, 4, 19, 27, 30, 17, 25, 22, 21, 

now min: 1806.0
15, 14, 24, 13, 12, 11, 20, 10, 9, 29, 8, 6, 26, 7, 5, 16, 2, 1, 28, 18, 3, 23, 4, 19, 27, 30, 17, 25, 22, 21, 

now min: 1804.0
15, 14, 24, 13, 12, 11, 20, 10, 9, 29, 8, 6, 26, 7, 5, 16, 1, 28, 2, 18, 3, 23, 4, 19, 27, 30, 17, 25, 22, 21, 

now min: 1795.0
15, 14, 24, 13, 12, 11, 20, 10, 9, 29, 8, 6, 26, 5, 16, 7, 2, 1, 28, 18, 3, 23, 4, 19, 27, 30, 17, 25, 22, 21, 

now min: 1793.0
15, 14, 24, 13, 12, 11, 20, 10, 9, 29, 8, 6, 26, 5, 16, 7, 1, 28, 2, 18, 3, 23, 4, 19, 27, 30, 17, 25, 22, 21, 

now min: 1786.0
15, 14, 24, 13, 12, 11, 20, 10, 9, 29, 8, 6, 26, 5, 16, 2, 1, 28, 18, 7, 4, 3, 19, 23, 27, 30, 17, 25, 22, 21, 

now min: 1773.0
15, 14, 24, 13, 12, 11, 20, 10, 9, 29, 8, 6, 26, 5, 16, 2, 1, 28, 18, 7, 3, 23, 4, 19, 27, 30, 17, 25, 22, 21, 

now min: 1771.0
15, 14, 24, 13, 12, 11, 20, 10, 9, 29, 8, 6, 26, 5, 16, 1, 28, 2, 18, 7, 3, 23, 4, 19, 27, 30, 17, 25, 22, 21, 

now min: 1769.0
15, 14, 24, 13, 12, 11, 20, 10, 9, 29, 6, 26, 8, 5, 16, 2, 1, 28, 18, 7, 3, 23, 4, 19, 27, 30, 17, 25, 22, 21, 

now min: 1767.0
15, 14, 24, 13, 12, 11, 20, 10, 9, 29, 6, 26, 8, 5, 16, 1, 28, 2, 18, 7, 3, 23, 4, 19, 27, 30, 17, 25, 22, 21, 

now min: 1765.0
15, 14, 24, 13, 12, 11, 20, 10, 9, 29, 6, 26, 5, 16, 8, 2, 1, 28, 18, 7, 3, 23, 4, 19, 27, 30, 17, 25, 22, 21, 

now min: 1763.0
15, 14, 24, 13, 12, 11, 20, 10, 9, 29, 6, 26, 5, 16, 8, 1, 28, 2, 18, 7, 3, 23, 4, 19, 27, 30, 17, 25, 22, 21, 

now min: 1757.0
15, 14, 24, 13, 12, 11, 20, 10, 9, 29, 6, 26, 5, 16, 2, 1, 28, 18, 8, 7, 3, 23, 4, 19, 27, 30, 17, 25, 22, 21, 

now min: 1755.0
15, 14, 24, 13, 12, 11, 20, 10, 9, 29, 6, 26, 5, 16, 1, 28, 2, 18, 8, 7, 3, 23, 4, 19, 27, 30, 17, 25, 22, 21, 

now min: 1753.0
15, 14, 24, 13, 12, 11, 20, 10, 6, 9, 26, 29, 5, 16, 1, 28, 2, 18, 8, 7, 3, 23, 4, 19, 27, 30, 17, 25, 22, 21, 

now min: 1748.0
15, 14, 24, 13, 12, 11, 20, 10, 6, 5, 16, 9, 26, 29, 2, 1, 28, 18, 8, 7, 3, 23, 4, 19, 27, 30, 17, 25, 22, 21, 

now min: 1746.0
15, 14, 24, 13, 12, 11, 20, 10, 6, 5, 16, 9, 26, 29, 1, 28, 2, 18, 8, 7, 3, 23, 4, 19, 27, 30, 17, 25, 22, 21, 

now min: 1745.0
15, 14, 24, 13, 12, 11, 20, 10, 6, 5, 16, 1, 28, 9, 26, 29, 2, 18, 8, 7, 3, 23, 4, 19, 27, 30, 17, 25, 22, 21, 

now min: 1744.0
15, 14, 24, 13, 12, 11, 20, 10, 5, 16, 6, 9, 26, 29, 1, 28, 2, 18, 8, 7, 3, 23, 4, 19, 27, 30, 17, 25, 22, 21, 

now min: 1743.0
15, 14, 24, 13, 12, 11, 20, 10, 5, 16, 6, 1, 28, 9, 26, 29, 2, 18, 8, 7, 3, 23, 4, 19, 27, 30, 17, 25, 22, 21, 

now min: 1741.0
15, 14, 24, 13, 12, 11, 20, 10, 5, 16, 1, 28, 6, 9, 26, 29, 2, 18, 8, 7, 3, 23, 4, 19, 27, 30, 17, 25, 22, 21, 

now min: 1739.0
15, 14, 24, 13, 12, 11, 20, 9, 29, 6, 26, 5, 16, 10, 2, 1, 28, 18, 8, 7, 3, 23, 4, 19, 27, 30, 17, 25, 22, 21, 

now min: 1737.0
15, 14, 24, 13, 12, 11, 20, 9, 29, 6, 26, 5, 16, 10, 1, 28, 2, 18, 8, 7, 3, 23, 4, 19, 27, 30, 17, 25, 22, 21, 

now min: 1733.0
15, 14, 24, 13, 12, 11, 20, 9, 29, 6, 26, 5, 16, 2, 1, 28, 10, 18, 8, 7, 3, 23, 4, 19, 27, 30, 17, 25, 22, 21, 

now min: 1731.0
15, 14, 24, 13, 12, 11, 20, 9, 29, 6, 26, 5, 16, 1, 28, 10, 2, 18, 8, 7, 3, 23, 4, 19, 27, 30, 17, 25, 22, 21, 

now min: 1729.0
15, 14, 24, 13, 12, 11, 20, 6, 9, 26, 29, 5, 16, 1, 28, 10, 2, 18, 8, 7, 3, 23, 4, 19, 27, 30, 17, 25, 22, 21, 

now min: 1728.0
15, 14, 24, 13, 12, 11, 20, 6, 5, 16, 9, 26, 29, 10, 1, 28, 2, 18, 8, 7, 3, 23, 4, 19, 27, 30, 17, 25, 22, 21, 

now min: 1724.0
15, 14, 24, 13, 12, 11, 20, 6, 5, 16, 9, 26, 29, 2, 1, 28, 10, 18, 8, 7, 3, 23, 4, 19, 27, 30, 17, 25, 22, 21, 

now min: 1722.0
15, 14, 24, 13, 12, 11, 20, 6, 5, 16, 9, 26, 29, 1, 28, 10, 2, 18, 8, 7, 3, 23, 4, 19, 27, 30, 17, 25, 22, 21, 

now min: 1721.0
15, 14, 24, 13, 12, 11, 20, 6, 5, 16, 1, 28, 9, 26, 29, 10, 2, 18, 8, 7, 3, 23, 4, 19, 27, 30, 17, 25, 22, 21, 

now min: 1720.0
15, 14, 24, 13, 12, 11, 20, 5, 16, 6, 9, 26, 29, 1, 28, 10, 2, 18, 8, 7, 3, 23, 4, 19, 27, 30, 17, 25, 22, 21, 

now min: 1719.0
15, 14, 24, 13, 12, 11, 20, 5, 16, 6, 1, 28, 9, 26, 29, 10, 2, 18, 8, 7, 3, 23, 4, 19, 27, 30, 17, 25, 22, 21, 

now min: 1717.0
15, 14, 24, 13, 12, 11, 20, 5, 16, 1, 28, 6, 9, 26, 29, 10, 2, 18, 8, 7, 3, 23, 4, 19, 27, 30, 17, 25, 22, 21, 

