now min: 5934.0
20, 19, 18, 17, 16, 15, 14, 13, 12, 35, 11, 10, 9, 8, 7, 6, 5, 28, 39, 4, 3, 27, 2, 31, 1, 34, 23, 30, 21, 29, 38, 33, 40, 32, 37, 22, 25, 24, 36, 26, 

now min: 5925.0
20, 19, 18, 17, 16, 15, 14, 13, 12, 35, 11, 10, 9, 8, 7, 6, 5, 28, 39, 4, 3, 27, 1, 23, 30, 2, 34, 31, 21, 29, 38, 33, 40, 32, 37, 22, 25, 24, 36, 26, 

now min: 5910.0
20, 19, 18, 17, 16, 15, 14, 13, 12, 35, 11, 10, 9, 8, 7, 5, 28, 39, 37, 6, 3, 4, 27, 2, 31, 1, 34, 23, 30, 21, 29, 38, 33, 40, 32, 22, 25, 24, 36, 26, 

now min: 5901.0
20, 19, 18, 17, 16, 15, 14, 13, 12, 35, 11, 10, 9, 8, 7, 5, 28, 39, 37, 6, 3, 4, 27, 1, 23, 30, 2, 34, 31, 21, 29, 38, 33, 40, 32, 22, 25, 24, 36, 26, 

now min: 5890.0
20, 19, 18, 17, 16, 15, 14, 13, 12, 35, 11, 10, 9, 8, 7, 5, 28, 39, 6, 1, 23, 4, 30, 3, 27, 2, 34, 31, 21, 29, 38, 33, 40, 32, 37, 22, 25, 24, 36, 26, 

now min: 5870.0
20, 19, 18, 17, 16, 15, 14, 13, 12, 35, 11, 10, 9, 8, 7, 5, 28, 39, 4, 3, 2, 31, 1, 34, 30, 21, 6, 27, 23, 29, 38, 33, 40, 32, 37, 22, 25, 24, 36, 26, 

now min: 5862.0
20, 19, 18, 17, 16, 15, 14, 13, 12, 35, 11, 10, 9, 8, 7, 5, 28, 39, 4, 2, 31, 3, 1, 34, 30, 21, 6, 27, 23, 29, 38, 33, 40, 32, 37, 22, 25, 24, 36, 26, 

now min: 5843.0
20, 19, 18, 17, 16, 15, 14, 13, 12, 35, 11, 10, 9, 8, 7, 5, 28, 39, 37, 4, 2, 31, 1, 34, 30, 21, 6, 23, 3, 27, 29, 38, 33, 40, 32, 22, 25, 24, 36, 26, 

now min: 5838.0
20, 19, 18, 17, 16, 15, 14, 13, 12, 35, 11, 10, 9, 8, 7, 5, 28, 39, 4, 2, 31, 1, 34, 30, 21, 3, 6, 27, 23, 29, 38, 33, 40, 32, 37, 22, 25, 24, 36, 26, 

now min: 5831.0
20, 19, 18, 17, 16, 15, 14, 13, 12, 35, 11, 10, 9, 8, 7, 5, 28, 39, 2, 4, 31, 1, 34, 30, 21, 6, 23, 3, 27, 29, 38, 33, 40, 32, 37, 22, 25, 24, 36, 26, 

now min: 5778.0
20, 19, 18, 17, 16, 15, 14, 13, 12, 35, 11, 10, 9, 8, 6, 5, 28, 39, 4, 3, 27, 2, 31, 1, 34, 23, 30, 21, 38, 33, 25, 24, 36, 7, 29, 40, 32, 37, 22, 26, 

now min: 5769.0
20, 19, 18, 17, 16, 15, 14, 13, 12, 35, 11, 10, 9, 8, 6, 5, 28, 39, 4, 3, 27, 1, 23, 30, 2, 34, 31, 21, 38, 33, 25, 24, 36, 7, 29, 40, 32, 37, 22, 26, 

now min: 5766.0
20, 19, 18, 17, 16, 15, 14, 13, 12, 35, 11, 10, 9, 8, 6, 5, 28, 39, 1, 23, 4, 30, 2, 34, 31, 21, 3, 27, 38, 33, 25, 24, 36, 7, 29, 40, 32, 37, 22, 26, 

now min: 5742.0
20, 19, 18, 17, 16, 15, 14, 13, 12, 35, 11, 10, 9, 8, 5, 28, 39, 6, 4, 3, 27, 2, 31, 1, 34, 23, 30, 21, 38, 33, 25, 24, 36, 7, 29, 40, 32, 37, 22, 26, 

now min: 5733.0
20, 19, 18, 17, 16, 15, 14, 13, 12, 35, 11, 10, 9, 8, 5, 28, 39, 6, 4, 3, 27, 1, 23, 30, 2, 34, 31, 21, 38, 33, 25, 24, 36, 7, 29, 40, 32, 37, 22, 26, 

now min: 5730.0
20, 19, 18, 17, 16, 15, 14, 13, 12, 35, 11, 10, 9, 8, 5, 28, 39, 6, 1, 23, 4, 30, 2, 34, 31, 21, 3, 27, 38, 33, 25, 24, 36, 7, 29, 40, 32, 37, 22, 26, 

now min: 5727.0
20, 19, 18, 17, 16, 15, 14, 13, 12, 35, 11, 10, 9, 8, 5, 28, 39, 36, 4, 3, 2, 31, 1, 34, 30, 21, 6, 27, 23, 38, 33, 25, 24, 7, 29, 40, 32, 37, 22, 26, 

now min: 5706.0
20, 19, 18, 17, 16, 15, 14, 13, 12, 35, 11, 10, 9, 8, 5, 28, 39, 4, 2, 31, 3, 1, 34, 30, 21, 6, 27, 23, 38, 33, 25, 24, 36, 7, 29, 40, 32, 37, 22, 26, 

now min: 5675.0
20, 19, 18, 17, 16, 15, 14, 13, 12, 35, 11, 10, 9, 8, 5, 28, 39, 4, 2, 31, 1, 34, 30, 21, 6, 23, 3, 27, 38, 33, 25, 24, 36, 7, 29, 40, 32, 37, 22, 26, 

now min: 5674.0
20, 19, 18, 17, 16, 15, 14, 13, 12, 35, 11, 10, 9, 5, 28, 39, 8, 4, 2, 31, 3, 1, 34, 30, 21, 6, 27, 23, 38, 33, 25, 24, 36, 7, 29, 40, 32, 37, 22, 26, 

now min: 5643.0
20, 19, 18, 17, 16, 15, 14, 13, 12, 35, 11, 10, 9, 5, 28, 39, 8, 4, 2, 31, 1, 34, 30, 21, 6, 23, 3, 27, 38, 33, 25, 24, 36, 7, 29, 40, 32, 37, 22, 26, 

now min: 5627.0
20, 19, 18, 17, 16, 15, 14, 13, 12, 35, 11, 10, 9, 5, 28, 39, 4, 2, 31, 8, 1, 34, 30, 21, 6, 23, 3, 27, 38, 33, 25, 24, 36, 7, 29, 40, 32, 37, 22, 26, 

now min: 5616.0
20, 19, 18, 17, 16, 15, 14, 13, 12, 35, 11, 10, 9, 5, 28, 39, 4, 2, 31, 1, 30, 8, 34, 21, 6, 23, 3, 27, 38, 33, 25, 24, 36, 7, 29, 40, 32, 37, 22, 26, 

now min: 5612.0
20, 19, 18, 17, 16, 15, 14, 13, 12, 35, 11, 10, 5, 28, 39, 9, 4, 2, 31, 1, 30, 8, 34, 21, 6, 23, 3, 27, 38, 33, 25, 24, 36, 7, 29, 40, 32, 37, 22, 26, 

now min: 5610.0
20, 19, 18, 17, 16, 15, 14, 13, 12, 35, 11, 10, 5, 28, 39, 4, 2, 31, 9, 1, 30, 8, 34, 21, 6, 23, 3, 27, 38, 33, 25, 24, 36, 7, 29, 40, 32, 37, 22, 26, 

now min: 5608.0
20, 19, 18, 17, 16, 15, 14, 13, 12, 35, 11, 10, 5, 28, 39, 4, 2, 31, 1, 30, 9, 8, 34, 21, 6, 23, 3, 27, 38, 33, 25, 24, 36, 7, 29, 40, 32, 37, 22, 26, 

now min: 5606.0
20, 19, 18, 17, 16, 15, 14, 13, 12, 35, 11, 10, 5, 28, 39, 4, 2, 31, 1, 30, 8, 34, 9, 21, 6, 23, 3, 27, 38, 33, 25, 24, 36, 7, 29, 40, 32, 37, 22, 26, 

now min: 5604.0
20, 19, 18, 17, 16, 15, 14, 13, 12, 35, 11, 9, 8, 5, 28, 39, 4, 2, 31, 3, 1, 34, 30, 21, 25, 10, 6, 27, 23, 38, 33, 24, 36, 7, 29, 40, 32, 37, 22, 26, 

now min: 5579.0
20, 19, 18, 17, 16, 15, 14, 13, 12, 35, 11, 9, 8, 5, 28, 39, 4, 2, 31, 1, 34, 30, 21, 10, 6, 23, 3, 27, 38, 33, 25, 24, 36, 7, 29, 40, 32, 37, 22, 26, 

now min: 5572.0
20, 19, 18, 17, 16, 15, 14, 13, 12, 35, 11, 9, 5, 28, 39, 8, 4, 2, 31, 3, 1, 34, 30, 21, 25, 10, 6, 27, 23, 38, 33, 24, 36, 7, 29, 40, 32, 37, 22, 26, 

now min: 5547.0
20, 19, 18, 17, 16, 15, 14, 13, 12, 35, 11, 9, 5, 28, 39, 8, 4, 2, 31, 1, 34, 30, 21, 10, 6, 23, 3, 27, 38, 33, 25, 24, 36, 7, 29, 40, 32, 37, 22, 26, 

now min: 5531.0
20, 19, 18, 17, 16, 15, 14, 13, 12, 35, 11, 9, 5, 28, 39, 4, 2, 31, 8, 1, 34, 30, 21, 10, 6, 23, 3, 27, 38, 33, 25, 24, 36, 7, 29, 40, 32, 37, 22, 26, 

now min: 5520.0
20, 19, 18, 17, 16, 15, 14, 13, 12, 35, 11, 9, 5, 28, 39, 4, 2, 31, 1, 30, 8, 34, 21, 10, 6, 23, 3, 27, 38, 33, 25, 24, 36, 7, 29, 40, 32, 37, 22, 26, 

