now min: 11682.0, node_ct: 26.000000
25, 24, 23, 22, 21, 20, 19, 18, 17, 16, 15, 14, 13, 12, 11, 10, 9, 8, 7, 31, 6, 35, 44, 5, 47, 4, 3, 28, 2, 34, 45, 1, 42, 40, 29, 27, 39, 43, 32, 37, 46, 26, 38, 41, 36, 49, 33, 48, 30, 50, 

now min: 11670.0, node_ct: 31.000000
25, 24, 23, 22, 21, 20, 19, 18, 17, 16, 15, 14, 13, 12, 11, 10, 9, 8, 7, 31, 6, 35, 44, 5, 47, 4, 2, 34, 3, 28, 45, 1, 42, 40, 29, 27, 39, 43, 32, 37, 46, 26, 38, 41, 36, 49, 33, 48, 30, 50, 

now min: 11669.0, node_ct: 47.000000
25, 24, 23, 22, 21, 20, 19, 18, 17, 16, 15, 14, 13, 12, 11, 10, 9, 8, 7, 31, 6, 35, 44, 5, 47, 3, 2, 34, 4, 28, 45, 1, 42, 40, 29, 27, 39, 43, 32, 37, 46, 26, 38, 41, 36, 49, 33, 48, 30, 50, 

now min: 11656.0, node_ct: 49.000000
25, 24, 23, 22, 21, 20, 19, 18, 17, 16, 15, 14, 13, 12, 11, 10, 9, 8, 7, 31, 6, 35, 5, 47, 3, 2, 34, 1, 40, 27, 4, 42, 28, 29, 45, 39, 43, 32, 37, 44, 46, 26, 38, 41, 36, 49, 33, 48, 30, 50, 

now min: 11648.0, node_ct: 58.000000
25, 24, 23, 22, 21, 20, 19, 18, 17, 16, 15, 14, 13, 12, 11, 10, 9, 8, 7, 31, 6, 35, 44, 5, 47, 2, 34, 4, 3, 28, 45, 1, 42, 40, 29, 27, 39, 43, 32, 37, 46, 26, 38, 41, 36, 49, 33, 48, 30, 50, 

now min: 11643.0, node_ct: 60.000000
25, 24, 23, 22, 21, 20, 19, 18, 17, 16, 15, 14, 13, 12, 11, 10, 9, 8, 7, 31, 6, 35, 5, 47, 2, 34, 4, 1, 40, 3, 42, 28, 29, 27, 45, 39, 43, 32, 37, 44, 46, 26, 38, 41, 36, 49, 33, 48, 30, 50, 

now min: 11619.0, node_ct: 68.000000
25, 24, 23, 22, 21, 20, 19, 18, 17, 16, 15, 14, 13, 12, 11, 10, 9, 8, 7, 31, 6, 35, 44, 5, 47, 2, 34, 1, 40, 39, 43, 32, 4, 3, 42, 28, 29, 27, 45, 37, 46, 26, 38, 41, 36, 49, 33, 48, 30, 50, 

now min: 11612.0, node_ct: 70.000000
25, 24, 23, 22, 21, 20, 19, 18, 17, 16, 15, 14, 13, 12, 11, 10, 9, 8, 7, 31, 6, 35, 44, 5, 47, 2, 34, 1, 40, 39, 43, 32, 3, 27, 4, 42, 28, 29, 45, 37, 46, 26, 38, 41, 36, 49, 33, 48, 30, 50, 

now min: 11602.0, node_ct: 231.000000
25, 24, 23, 22, 21, 20, 19, 18, 17, 16, 15, 14, 13, 12, 11, 10, 9, 8, 7, 31, 6, 2, 34, 35, 44, 5, 47, 1, 40, 39, 43, 32, 4, 3, 42, 28, 29, 27, 45, 37, 46, 26, 38, 41, 36, 49, 33, 48, 30, 50, 

now min: 11595.0, node_ct: 233.000000
25, 24, 23, 22, 21, 20, 19, 18, 17, 16, 15, 14, 13, 12, 11, 10, 9, 8, 7, 31, 6, 2, 34, 35, 44, 5, 47, 1, 40, 39, 43, 32, 3, 27, 4, 42, 28, 29, 45, 37, 46, 26, 38, 41, 36, 49, 33, 48, 30, 50, 

now min: 11593.0, node_ct: 394.000000
25, 24, 23, 22, 21, 20, 19, 18, 17, 16, 15, 14, 13, 12, 11, 10, 9, 8, 7, 31, 5, 47, 6, 2, 34, 35, 1, 40, 39, 43, 32, 4, 3, 42, 28, 29, 27, 45, 37, 44, 46, 26, 38, 41, 36, 49, 33, 48, 30, 50, 

now min: 11576.0, node_ct: 440.000000
25, 24, 23, 22, 21, 20, 19, 18, 17, 16, 15, 14, 13, 12, 11, 10, 9, 8, 7, 31, 5, 47, 4, 3, 28, 2, 34, 1, 40, 29, 39, 6, 42, 27, 45, 43, 32, 37, 35, 44, 46, 26, 38, 41, 36, 49, 33, 48, 30, 50, 

now min: 11566.0, node_ct: 456.000000
25, 24, 23, 22, 21, 20, 19, 18, 17, 16, 15, 14, 13, 12, 11, 10, 9, 8, 7, 31, 5, 47, 4, 2, 34, 37, 3, 28, 1, 40, 29, 39, 6, 42, 27, 45, 43, 32, 35, 44, 46, 26, 38, 41, 36, 49, 33, 48, 30, 50, 

now min: 11563.0, node_ct: 461.000000
25, 24, 23, 22, 21, 20, 19, 18, 17, 16, 15, 14, 13, 12, 11, 10, 9, 8, 7, 31, 5, 47, 4, 2, 34, 37, 1, 40, 39, 3, 28, 29, 6, 42, 27, 45, 43, 32, 35, 44, 46, 26, 38, 41, 36, 49, 33, 48, 30, 50, 

now min: 11558.0, node_ct: 526.000000
25, 24, 23, 22, 21, 20, 19, 18, 17, 16, 15, 14, 13, 12, 11, 10, 9, 8, 7, 31, 5, 47, 3, 2, 34, 1, 40, 39, 4, 28, 29, 6, 42, 27, 45, 43, 32, 37, 35, 44, 46, 26, 38, 41, 36, 49, 33, 48, 30, 50, 

now min: 11544.0, node_ct: 570.000000
25, 24, 23, 22, 21, 20, 19, 18, 17, 16, 15, 14, 13, 12, 11, 10, 9, 8, 7, 31, 5, 47, 2, 34, 4, 37, 3, 28, 1, 40, 29, 39, 6, 42, 27, 45, 43, 32, 35, 44, 46, 26, 38, 41, 36, 49, 33, 48, 30, 50, 

now min: 11541.0, node_ct: 575.000000
25, 24, 23, 22, 21, 20, 19, 18, 17, 16, 15, 14, 13, 12, 11, 10, 9, 8, 7, 31, 5, 47, 2, 34, 4, 37, 1, 40, 39, 3, 28, 29, 6, 42, 27, 45, 43, 32, 35, 44, 46, 26, 38, 41, 36, 49, 33, 48, 30, 50, 

now min: 11537.0, node_ct: 591.000000
25, 24, 23, 22, 21, 20, 19, 18, 17, 16, 15, 14, 13, 12, 11, 10, 9, 8, 7, 31, 5, 47, 2, 34, 3, 1, 40, 39, 4, 28, 29, 6, 42, 27, 45, 43, 32, 37, 35, 44, 46, 26, 38, 41, 36, 49, 33, 48, 30, 50, 

now min: 11510.0, node_ct: 595.000000
25, 24, 23, 22, 21, 20, 19, 18, 17, 16, 15, 14, 13, 12, 11, 10, 9, 8, 7, 31, 5, 47, 2, 34, 1, 40, 39, 32, 6, 43, 4, 3, 42, 28, 29, 27, 45, 37, 35, 44, 46, 26, 38, 41, 36, 49, 33, 48, 30, 50, 

now min: 11483.0, node_ct: 602.000000
25, 24, 23, 22, 21, 20, 19, 18, 17, 16, 15, 14, 13, 12, 11, 10, 9, 8, 7, 31, 5, 47, 2, 34, 1, 40, 39, 32, 4, 3, 28, 29, 6, 42, 27, 45, 43, 37, 35, 44, 46, 26, 38, 41, 36, 49, 33, 48, 30, 50, 

now min: 11474.0, node_ct: 1450.000000
25, 24, 23, 22, 21, 20, 19, 18, 17, 16, 15, 14, 13, 12, 11, 10, 9, 8, 7, 31, 2, 34, 5, 47, 1, 40, 39, 32, 4, 3, 28, 29, 6, 42, 27, 45, 43, 37, 35, 44, 46, 26, 38, 41, 36, 49, 33, 48, 30, 50, 

now min: 11467.0, node_ct: 14302.000000
25, 24, 23, 22, 21, 20, 19, 18, 17, 16, 15, 14, 13, 12, 11, 10, 9, 7, 31, 8, 5, 47, 2, 34, 1, 40, 39, 32, 4, 3, 28, 29, 6, 42, 27, 45, 43, 37, 35, 44, 46, 26, 38, 41, 36, 49, 33, 48, 30, 50, 

now min: 11458.0, node_ct: 15150.000000
25, 24, 23, 22, 21, 20, 19, 18, 17, 16, 15, 14, 13, 12, 11, 10, 9, 7, 31, 8, 2, 34, 5, 47, 1, 40, 39, 32, 4, 3, 28, 29, 6, 42, 27, 45, 43, 37, 35, 44, 46, 26, 38, 41, 36, 49, 33, 48, 30, 50, 

now min: 11451.0, node_ct: 17890.000000
25, 24, 23, 22, 21, 20, 19, 18, 17, 16, 15, 14, 13, 12, 11, 10, 9, 7, 31, 5, 47, 8, 2, 34, 1, 40, 39, 32, 4, 3, 28, 29, 6, 42, 27, 45, 43, 37, 35, 44, 46, 26, 38, 41, 36, 49, 33, 48, 30, 50, 

now min: 11450.0, node_ct: 1207062.000000
25, 24, 23, 22, 21, 20, 19, 18, 17, 16, 15, 14, 13, 12, 11, 9, 7, 31, 10, 8, 2, 34, 5, 47, 1, 40, 39, 32, 4, 3, 28, 29, 6, 42, 27, 45, 43, 37, 35, 44, 46, 26, 38, 41, 36, 49, 33, 48, 30, 50, 

now min: 11443.0, node_ct: 1209802.000000
25, 24, 23, 22, 21, 20, 19, 18, 17, 16, 15, 14, 13, 12, 11, 9, 7, 31, 10, 5, 47, 8, 2, 34, 1, 40, 39, 32, 4, 3, 28, 29, 6, 42, 27, 45, 43, 37, 35, 44, 46, 26, 38, 41, 36, 49, 33, 48, 30, 50, 

