now min: 16987.0, node_ct: 31.000000
30, 29, 28, 27, 26, 25, 24, 23, 22, 21, 20, 53, 39, 19, 18, 17, 16, 15, 57, 14, 13, 12, 11, 34, 55, 10, 9, 51, 8, 7, 40, 6, 59, 38, 5, 41, 44, 60, 4, 43, 37, 3, 52, 2, 46, 33, 56, 1, 50, 42, 58, 35, 54, 47, 31, 32, 36, 48, 45, 49, 

now min: 16981.0, node_ct: 36.000000
30, 29, 28, 27, 26, 25, 24, 23, 22, 21, 20, 53, 39, 19, 18, 17, 16, 15, 57, 14, 13, 12, 11, 34, 55, 10, 9, 51, 8, 7, 40, 6, 59, 38, 5, 41, 44, 60, 4, 43, 37, 2, 46, 33, 3, 52, 56, 58, 35, 1, 50, 42, 54, 47, 31, 32, 36, 48, 45, 49, 

now min: 16977.0, node_ct: 47.000000
30, 29, 28, 27, 26, 25, 24, 23, 22, 21, 20, 53, 39, 19, 18, 17, 16, 15, 57, 14, 13, 12, 11, 34, 55, 10, 9, 51, 8, 7, 40, 6, 59, 38, 5, 41, 44, 60, 3, 52, 56, 4, 43, 37, 2, 46, 33, 58, 35, 1, 50, 42, 54, 47, 31, 32, 36, 48, 45, 49, 

now min: 16942.0, node_ct: 357.000000
30, 29, 28, 27, 26, 25, 24, 23, 22, 21, 20, 53, 39, 19, 18, 17, 16, 15, 57, 14, 13, 12, 11, 34, 55, 10, 9, 51, 8, 7, 40, 5, 41, 60, 6, 59, 44, 38, 4, 43, 37, 3, 52, 2, 46, 33, 56, 1, 50, 42, 58, 35, 54, 47, 31, 32, 36, 48, 45, 49, 

now min: 16936.0, node_ct: 362.000000
30, 29, 28, 27, 26, 25, 24, 23, 22, 21, 20, 53, 39, 19, 18, 17, 16, 15, 57, 14, 13, 12, 11, 34, 55, 10, 9, 51, 8, 7, 40, 5, 41, 60, 6, 59, 44, 38, 4, 43, 37, 2, 46, 33, 3, 52, 56, 58, 35, 1, 50, 42, 54, 47, 31, 32, 36, 48, 45, 49, 

now min: 16932.0, node_ct: 373.000000
30, 29, 28, 27, 26, 25, 24, 23, 22, 21, 20, 53, 39, 19, 18, 17, 16, 15, 57, 14, 13, 12, 11, 34, 55, 10, 9, 51, 8, 7, 40, 5, 41, 60, 6, 59, 44, 38, 3, 52, 56, 4, 43, 37, 2, 46, 33, 58, 35, 1, 50, 42, 54, 47, 31, 32, 36, 48, 45, 49, 

now min: 16931.0, node_ct: 389.000000
30, 29, 28, 27, 26, 25, 24, 23, 22, 21, 20, 53, 39, 19, 18, 17, 16, 15, 57, 14, 13, 12, 11, 34, 55, 10, 9, 51, 8, 7, 40, 5, 41, 60, 6, 59, 44, 38, 2, 33, 4, 43, 46, 37, 3, 52, 56, 1, 50, 42, 58, 35, 54, 47, 31, 32, 36, 48, 45, 49, 

now min: 16822.0, node_ct: 422.000000
30, 29, 28, 27, 26, 25, 24, 23, 22, 21, 20, 53, 19, 18, 17, 16, 15, 57, 14, 13, 12, 11, 34, 55, 10, 9, 51, 8, 7, 40, 5, 41, 60, 35, 4, 43, 6, 59, 44, 38, 37, 3, 52, 2, 46, 33, 56, 58, 1, 50, 42, 54, 47, 31, 32, 36, 48, 45, 49, 39, 

now min: 16769.0, node_ct: 4075.000000
30, 29, 28, 27, 26, 25, 24, 23, 22, 21, 20, 53, 19, 18, 17, 16, 15, 57, 14, 13, 12, 11, 34, 55, 10, 9, 51, 8, 5, 41, 60, 7, 40, 3, 56, 6, 52, 59, 44, 38, 4, 43, 37, 2, 46, 33, 1, 50, 42, 58, 35, 47, 54, 31, 32, 36, 48, 45, 49, 39, 

now min: 16767.0, node_ct: 4988.000000
30, 29, 28, 27, 26, 25, 24, 23, 22, 21, 20, 53, 19, 18, 17, 16, 15, 57, 14, 13, 12, 11, 34, 55, 10, 9, 51, 8, 5, 41, 60, 3, 56, 6, 52, 59, 44, 38, 7, 40, 4, 43, 37, 2, 46, 33, 1, 50, 42, 58, 35, 47, 54, 31, 32, 36, 48, 45, 49, 39, 

now min: 16764.0, node_ct: 5009.000000
30, 29, 28, 27, 26, 25, 24, 23, 22, 21, 20, 53, 19, 18, 17, 16, 15, 57, 14, 13, 12, 11, 34, 55, 10, 9, 51, 8, 5, 41, 60, 3, 56, 6, 52, 59, 44, 38, 4, 43, 37, 2, 46, 7, 40, 33, 1, 50, 42, 58, 35, 47, 54, 31, 32, 36, 48, 45, 49, 39, 

now min: 16757.0, node_ct: 18080.000000
30, 29, 28, 27, 26, 25, 24, 23, 22, 21, 20, 53, 19, 18, 17, 16, 15, 57, 14, 13, 12, 11, 34, 55, 10, 9, 51, 7, 40, 5, 41, 60, 6, 59, 44, 38, 4, 43, 37, 2, 46, 33, 1, 3, 52, 50, 56, 42, 58, 54, 47, 8, 35, 31, 32, 36, 48, 45, 49, 39, 

now min: 16754.0, node_ct: 18156.000000
30, 29, 28, 27, 26, 25, 24, 23, 22, 21, 20, 53, 19, 18, 17, 16, 15, 57, 14, 13, 12, 11, 34, 55, 10, 9, 51, 7, 40, 5, 41, 60, 6, 59, 44, 38, 3, 52, 56, 1, 50, 4, 43, 37, 2, 46, 33, 42, 58, 54, 47, 8, 35, 31, 32, 36, 48, 45, 49, 39, 

now min: 16747.0, node_ct: 18187.000000
30, 29, 28, 27, 26, 25, 24, 23, 22, 21, 20, 53, 19, 18, 17, 16, 15, 57, 14, 13, 12, 11, 34, 55, 10, 9, 51, 7, 40, 5, 41, 60, 6, 59, 44, 38, 2, 33, 4, 43, 46, 37, 3, 52, 56, 58, 8, 1, 50, 42, 35, 54, 47, 31, 32, 36, 48, 45, 49, 39, 

now min: 16745.0, node_ct: 41610.000000
30, 29, 28, 27, 26, 25, 24, 23, 22, 21, 20, 53, 19, 18, 17, 16, 15, 57, 14, 13, 12, 11, 34, 55, 10, 9, 51, 5, 41, 60, 8, 6, 59, 44, 38, 3, 52, 56, 4, 43, 37, 2, 46, 1, 50, 7, 40, 33, 42, 58, 35, 54, 47, 31, 32, 36, 48, 45, 49, 39, 

now min: 16731.0, node_ct: 43963.000000
30, 29, 28, 27, 26, 25, 24, 23, 22, 21, 20, 53, 19, 18, 17, 16, 15, 57, 14, 13, 12, 11, 34, 55, 10, 9, 51, 5, 41, 60, 7, 40, 4, 43, 2, 46, 33, 6, 59, 44, 38, 37, 1, 3, 52, 50, 56, 42, 58, 54, 47, 8, 35, 31, 32, 36, 48, 45, 49, 39, 

now min: 16723.0, node_ct: 127734.000000
30, 29, 28, 27, 26, 25, 24, 23, 22, 21, 20, 53, 19, 18, 17, 16, 15, 57, 14, 13, 12, 11, 34, 55, 10, 8, 7, 40, 5, 41, 60, 6, 59, 44, 38, 3, 56, 2, 33, 9, 51, 52, 4, 43, 46, 37, 1, 50, 42, 58, 35, 47, 54, 31, 32, 36, 48, 45, 49, 39, 

now min: 16711.0, node_ct: 150943.000000
30, 29, 28, 27, 26, 25, 24, 23, 22, 21, 20, 53, 19, 18, 17, 16, 15, 57, 14, 13, 12, 11, 34, 55, 10, 8, 5, 41, 60, 9, 51, 7, 40, 2, 33, 4, 43, 46, 6, 59, 44, 38, 37, 3, 52, 56, 1, 50, 42, 58, 35, 54, 47, 31, 32, 36, 48, 45, 49, 39, 

now min: 16705.0, node_ct: 153150.000000
30, 29, 28, 27, 26, 25, 24, 23, 22, 21, 20, 53, 19, 18, 17, 16, 15, 57, 14, 13, 12, 11, 34, 55, 10, 8, 5, 41, 60, 7, 40, 6, 59, 44, 38, 3, 9, 51, 52, 56, 2, 33, 4, 43, 46, 37, 1, 50, 42, 58, 35, 47, 54, 31, 32, 36, 48, 45, 49, 39, 

now min: 16704.0, node_ct: 156022.000000
30, 29, 28, 27, 26, 25, 24, 23, 22, 21, 20, 53, 19, 18, 17, 16, 15, 57, 14, 13, 12, 11, 34, 55, 10, 8, 5, 41, 60, 6, 59, 44, 38, 2, 7, 40, 33, 9, 51, 3, 52, 56, 1, 50, 4, 43, 46, 37, 42, 58, 35, 54, 47, 31, 32, 36, 48, 45, 49, 39, 

now min: 16699.0, node_ct: 264437.000000
30, 29, 28, 27, 26, 25, 24, 23, 22, 21, 20, 53, 19, 18, 17, 16, 15, 57, 14, 13, 12, 11, 34, 55, 10, 7, 40, 5, 41, 60, 6, 59, 44, 38, 9, 51, 3, 52, 56, 1, 50, 2, 33, 4, 43, 46, 37, 42, 58, 8, 35, 54, 47, 31, 32, 36, 48, 45, 49, 39, 

now min: 16697.0, node_ct: 264465.000000
30, 29, 28, 27, 26, 25, 24, 23, 22, 21, 20, 53, 19, 18, 17, 16, 15, 57, 14, 13, 12, 11, 34, 55, 10, 7, 40, 5, 41, 60, 6, 59, 44, 38, 9, 51, 2, 33, 4, 43, 46, 37, 3, 52, 56, 58, 54, 1, 50, 42, 47, 8, 35, 31, 32, 36, 48, 45, 49, 39, 

now min: 16696.0, node_ct: 469781.000000
30, 29, 28, 27, 26, 25, 24, 23, 22, 21, 20, 53, 19, 18, 17, 16, 15, 57, 14, 13, 12, 11, 34, 55, 10, 5, 41, 60, 7, 40, 6, 59, 44, 38, 9, 51, 8, 2, 33, 4, 43, 46, 37, 3, 52, 56, 58, 35, 54, 1, 50, 42, 47, 31, 32, 36, 48, 45, 49, 39, 

now min: 16689.0, node_ct: 469965.000000
30, 29, 28, 27, 26, 25, 24, 23, 22, 21, 20, 53, 19, 18, 17, 16, 15, 57, 14, 13, 12, 11, 34, 55, 10, 5, 41, 60, 7, 40, 6, 59, 44, 38, 9, 51, 2, 33, 4, 43, 46, 37, 3, 52, 56, 58, 54, 8, 35, 1, 50, 42, 47, 31, 32, 36, 48, 45, 49, 39, 

now min: 16685.0, node_ct: 476311.000000
30, 29, 28, 27, 26, 25, 24, 23, 22, 21, 20, 53, 19, 18, 17, 16, 15, 57, 14, 13, 12, 11, 34, 55, 10, 5, 41, 60, 7, 40, 2, 33, 6, 59, 44, 38, 58, 9, 51, 3, 52, 56, 4, 43, 46, 37, 54, 1, 50, 42, 47, 8, 35, 31, 32, 36, 48, 45, 49, 39, 

now min: 16632.0, node_ct: 1112064.000000
30, 29, 28, 27, 26, 25, 24, 23, 22, 21, 20, 53, 19, 18, 17, 16, 15, 57, 14, 13, 12, 11, 34, 55, 9, 51, 8, 7, 40, 6, 59, 38, 5, 41, 44, 60, 35, 10, 2, 33, 3, 52, 56, 58, 1, 50, 4, 43, 46, 37, 42, 54, 47, 31, 32, 36, 48, 45, 49, 39, 

now min: 16590.0, node_ct: 1112111.000000
30, 29, 28, 27, 26, 25, 24, 23, 22, 21, 20, 53, 39, 19, 18, 17, 16, 15, 57, 14, 13, 12, 11, 34, 55, 9, 51, 8, 7, 40, 6, 59, 38, 5, 41, 44, 60, 4, 43, 37, 3, 52, 2, 46, 56, 58, 35, 54, 31, 10, 33, 1, 50, 42, 47, 32, 36, 48, 45, 49, 

now min: 16485.0, node_ct: 1112113.000000
30, 29, 28, 27, 26, 25, 24, 23, 22, 21, 20, 53, 39, 19, 18, 17, 16, 15, 57, 14, 13, 12, 11, 34, 55, 9, 51, 8, 7, 40, 6, 59, 38, 5, 41, 44, 60, 4, 43, 37, 3, 52, 2, 46, 56, 1, 50, 42, 58, 35, 54, 47, 31, 36, 45, 10, 33, 32, 48, 49, 

now min: 16481.0, node_ct: 1112129.000000
30, 29, 28, 27, 26, 25, 24, 23, 22, 21, 20, 53, 39, 19, 18, 17, 16, 15, 57, 14, 13, 12, 11, 34, 55, 9, 51, 8, 7, 40, 6, 59, 38, 5, 41, 44, 60, 4, 43, 37, 2, 46, 3, 52, 56, 58, 35, 1, 50, 42, 54, 47, 31, 36, 45, 10, 33, 32, 48, 49, 

now min: 16475.0, node_ct: 1112178.000000
30, 29, 28, 27, 26, 25, 24, 23, 22, 21, 20, 53, 39, 19, 18, 17, 16, 15, 57, 14, 13, 12, 11, 34, 55, 9, 51, 8, 7, 40, 6, 59, 38, 5, 41, 44, 60, 3, 52, 56, 4, 43, 37, 2, 46, 58, 35, 1, 50, 42, 54, 47, 31, 36, 45, 10, 33, 32, 48, 49, 

now min: 16440.0, node_ct: 1114070.000000
30, 29, 28, 27, 26, 25, 24, 23, 22, 21, 20, 53, 39, 19, 18, 17, 16, 15, 57, 14, 13, 12, 11, 34, 55, 9, 51, 8, 7, 40, 5, 41, 60, 6, 59, 44, 38, 4, 43, 37, 3, 52, 2, 46, 56, 1, 50, 42, 58, 35, 54, 47, 31, 36, 45, 10, 33, 32, 48, 49, 

now min: 16436.0, node_ct: 1114086.000000
30, 29, 28, 27, 26, 25, 24, 23, 22, 21, 20, 53, 39, 19, 18, 17, 16, 15, 57, 14, 13, 12, 11, 34, 55, 9, 51, 8, 7, 40, 5, 41, 60, 6, 59, 44, 38, 4, 43, 37, 2, 46, 3, 52, 56, 58, 35, 1, 50, 42, 54, 47, 31, 36, 45, 10, 33, 32, 48, 49, 

now min: 16430.0, node_ct: 1114135.000000
30, 29, 28, 27, 26, 25, 24, 23, 22, 21, 20, 53, 39, 19, 18, 17, 16, 15, 57, 14, 13, 12, 11, 34, 55, 9, 51, 8, 7, 40, 5, 41, 60, 6, 59, 44, 38, 3, 52, 56, 4, 43, 37, 2, 46, 58, 35, 1, 50, 42, 54, 47, 31, 36, 45, 10, 33, 32, 48, 49, 

now min: 16418.0, node_ct: 1114394.000000
30, 29, 28, 27, 26, 25, 24, 23, 22, 21, 20, 53, 19, 18, 17, 16, 15, 57, 14, 13, 12, 11, 34, 55, 9, 51, 8, 7, 40, 5, 41, 60, 35, 4, 43, 6, 59, 44, 38, 37, 3, 52, 2, 46, 56, 58, 54, 31, 10, 33, 1, 50, 42, 47, 32, 36, 48, 45, 49, 39, 

now min: 16315.0, node_ct: 1114396.000000
30, 29, 28, 27, 26, 25, 24, 23, 22, 21, 20, 53, 19, 18, 17, 16, 15, 57, 14, 13, 12, 11, 34, 55, 9, 51, 8, 7, 40, 5, 41, 60, 35, 4, 43, 6, 59, 44, 38, 37, 3, 52, 2, 46, 56, 58, 1, 50, 42, 54, 47, 31, 36, 45, 10, 33, 32, 48, 49, 39, 

now min: 16309.0, node_ct: 1114412.000000
30, 29, 28, 27, 26, 25, 24, 23, 22, 21, 20, 53, 19, 18, 17, 16, 15, 57, 14, 13, 12, 11, 34, 55, 9, 51, 8, 7, 40, 5, 41, 60, 35, 4, 43, 6, 59, 44, 38, 37, 2, 46, 3, 52, 56, 58, 1, 50, 42, 54, 47, 31, 36, 45, 10, 33, 32, 48, 49, 39, 

now min: 16265.0, node_ct: 1139550.000000
30, 29, 28, 27, 26, 25, 24, 23, 22, 21, 20, 53, 19, 18, 17, 16, 15, 57, 14, 13, 12, 11, 34, 55, 9, 51, 8, 5, 41, 60, 7, 40, 6, 59, 44, 38, 4, 43, 37, 1, 2, 46, 3, 52, 50, 56, 42, 58, 35, 54, 47, 31, 36, 45, 10, 33, 32, 48, 49, 39, 

now min: 16251.0, node_ct: 1139610.000000
30, 29, 28, 27, 26, 25, 24, 23, 22, 21, 20, 53, 19, 18, 17, 16, 15, 57, 14, 13, 12, 11, 34, 55, 9, 51, 8, 5, 41, 60, 7, 40, 6, 59, 44, 38, 3, 52, 56, 1, 50, 4, 43, 37, 2, 46, 42, 58, 35, 54, 47, 31, 36, 45, 10, 33, 32, 48, 49, 39, 

now min: 16249.0, node_ct: 1142154.000000
30, 29, 28, 27, 26, 25, 24, 23, 22, 21, 20, 53, 19, 18, 17, 16, 15, 57, 14, 13, 12, 11, 34, 55, 9, 51, 8, 5, 41, 60, 6, 59, 44, 38, 3, 52, 56, 7, 40, 1, 50, 4, 43, 37, 2, 46, 42, 58, 35, 54, 47, 31, 36, 45, 10, 33, 32, 48, 49, 39, 

now min: 16247.0, node_ct: 1142338.000000
30, 29, 28, 27, 26, 25, 24, 23, 22, 21, 20, 53, 19, 18, 17, 16, 15, 57, 14, 13, 12, 11, 34, 55, 9, 51, 8, 5, 41, 60, 6, 59, 44, 38, 3, 52, 56, 1, 50, 4, 43, 37, 2, 46, 7, 40, 42, 58, 35, 54, 47, 31, 36, 45, 10, 33, 32, 48, 49, 39, 

now min: 16243.0, node_ct: 1251809.000000
30, 29, 28, 27, 26, 25, 24, 23, 22, 21, 20, 53, 19, 18, 17, 16, 15, 57, 14, 13, 12, 11, 34, 55, 9, 51, 7, 40, 5, 41, 60, 6, 59, 44, 38, 3, 52, 56, 4, 43, 37, 2, 46, 1, 50, 42, 58, 54, 47, 8, 35, 31, 36, 45, 10, 33, 32, 48, 49, 39, 

now min: 16240.0, node_ct: 1445889.000000
30, 29, 28, 27, 26, 25, 24, 23, 22, 21, 20, 53, 19, 18, 17, 16, 15, 57, 14, 13, 12, 11, 34, 55, 9, 51, 5, 41, 60, 8, 4, 43, 2, 46, 6, 59, 44, 38, 37, 3, 52, 56, 7, 40, 1, 50, 42, 58, 35, 54, 47, 31, 36, 45, 10, 33, 32, 48, 49, 39, 

now min: 16239.0, node_ct: 1456638.000000
30, 29, 28, 27, 26, 25, 24, 23, 22, 21, 20, 53, 19, 18, 17, 16, 15, 57, 14, 13, 12, 11, 34, 55, 9, 51, 5, 41, 60, 7, 40, 6, 59, 44, 38, 8, 3, 52, 56, 4, 43, 37, 2, 46, 1, 50, 42, 58, 35, 54, 47, 31, 36, 45, 10, 33, 32, 48, 49, 39, 

now min: 16237.0, node_ct: 1457050.000000
30, 29, 28, 27, 26, 25, 24, 23, 22, 21, 20, 53, 19, 18, 17, 16, 15, 57, 14, 13, 12, 11, 34, 55, 9, 51, 5, 41, 60, 7, 40, 6, 59, 44, 38, 4, 43, 37, 2, 46, 3, 52, 56, 1, 50, 42, 58, 54, 47, 8, 35, 31, 36, 45, 10, 33, 32, 48, 49, 39, 

now min: 16233.0, node_ct: 1457306.000000
30, 29, 28, 27, 26, 25, 24, 23, 22, 21, 20, 53, 19, 18, 17, 16, 15, 57, 14, 13, 12, 11, 34, 55, 9, 51, 5, 41, 60, 7, 40, 6, 59, 44, 38, 3, 52, 56, 4, 43, 37, 2, 46, 58, 8, 1, 50, 42, 35, 54, 47, 31, 36, 45, 10, 33, 32, 48, 49, 39, 

now min: 16231.0, node_ct: 1457311.000000
30, 29, 28, 27, 26, 25, 24, 23, 22, 21, 20, 53, 19, 18, 17, 16, 15, 57, 14, 13, 12, 11, 34, 55, 9, 51, 5, 41, 60, 7, 40, 6, 59, 44, 38, 3, 52, 56, 4, 43, 37, 2, 46, 1, 50, 42, 58, 54, 47, 8, 35, 31, 36, 45, 10, 33, 32, 48, 49, 39, 

now min: 16229.0, node_ct: 1474599.000000
30, 29, 28, 27, 26, 25, 24, 23, 22, 21, 20, 53, 19, 18, 17, 16, 15, 57, 14, 13, 12, 11, 34, 55, 9, 51, 5, 41, 60, 6, 59, 44, 38, 3, 52, 56, 7, 40, 4, 43, 37, 2, 46, 1, 50, 42, 58, 54, 47, 8, 35, 31, 36, 45, 10, 33, 32, 48, 49, 39, 

now min: 16228.0, node_ct: 1474985.000000
30, 29, 28, 27, 26, 25, 24, 23, 22, 21, 20, 53, 19, 18, 17, 16, 15, 57, 14, 13, 12, 11, 34, 55, 9, 51, 5, 41, 60, 6, 59, 44, 38, 3, 52, 56, 4, 43, 37, 2, 46, 7, 40, 58, 8, 1, 50, 42, 35, 54, 47, 31, 36, 45, 10, 33, 32, 48, 49, 39, 

now min: 16226.0, node_ct: 1474990.000000
30, 29, 28, 27, 26, 25, 24, 23, 22, 21, 20, 53, 19, 18, 17, 16, 15, 57, 14, 13, 12, 11, 34, 55, 9, 51, 5, 41, 60, 6, 59, 44, 38, 3, 52, 56, 4, 43, 37, 2, 46, 7, 40, 1, 50, 42, 58, 54, 47, 8, 35, 31, 36, 45, 10, 33, 32, 48, 49, 39, 

now min: 16225.0, node_ct: 2441107.000000
30, 29, 28, 27, 26, 25, 24, 23, 22, 21, 20, 53, 19, 18, 17, 16, 15, 57, 14, 13, 12, 11, 34, 8, 5, 41, 60, 55, 7, 40, 35, 9, 51, 6, 59, 44, 38, 3, 52, 56, 2, 4, 43, 46, 37, 58, 1, 50, 42, 54, 47, 31, 36, 45, 10, 33, 32, 48, 49, 39, 

now min: 16222.0, node_ct: 2443020.000000
30, 29, 28, 27, 26, 25, 24, 23, 22, 21, 20, 53, 19, 18, 17, 16, 15, 57, 14, 13, 12, 11, 34, 8, 5, 41, 60, 55, 7, 40, 6, 59, 44, 38, 35, 9, 51, 4, 43, 37, 1, 2, 46, 3, 52, 50, 56, 42, 58, 54, 47, 31, 36, 45, 10, 33, 32, 48, 49, 39, 

now min: 16211.0, node_ct: 2443069.000000
30, 29, 28, 27, 26, 25, 24, 23, 22, 21, 20, 53, 19, 18, 17, 16, 15, 57, 14, 13, 12, 11, 34, 8, 5, 41, 60, 55, 7, 40, 6, 59, 44, 38, 35, 9, 51, 3, 52, 56, 2, 1, 50, 4, 43, 46, 37, 42, 58, 54, 47, 31, 36, 45, 10, 33, 32, 48, 49, 39, 

now min: 16208.0, node_ct: 2443113.000000
30, 29, 28, 27, 26, 25, 24, 23, 22, 21, 20, 53, 19, 18, 17, 16, 15, 57, 14, 13, 12, 11, 34, 8, 5, 41, 60, 55, 7, 40, 6, 59, 44, 38, 35, 9, 51, 2, 4, 43, 46, 37, 3, 52, 56, 58, 1, 50, 42, 54, 47, 31, 36, 45, 10, 33, 32, 48, 49, 39, 

now min: 16196.0, node_ct: 2455203.000000
30, 29, 28, 27, 26, 25, 24, 23, 22, 21, 20, 53, 19, 18, 17, 16, 15, 57, 14, 13, 12, 11, 34, 8, 5, 41, 60, 55, 6, 59, 44, 38, 9, 51, 4, 43, 37, 2, 46, 3, 52, 56, 1, 50, 7, 40, 42, 58, 35, 54, 47, 31, 36, 45, 10, 33, 32, 48, 49, 39, 

now min: 16195.0, node_ct: 2455480.000000
30, 29, 28, 27, 26, 25, 24, 23, 22, 21, 20, 53, 19, 18, 17, 16, 15, 57, 14, 13, 12, 11, 34, 8, 5, 41, 60, 55, 6, 59, 44, 38, 9, 51, 3, 52, 56, 4, 43, 37, 1, 2, 46, 50, 7, 40, 42, 58, 35, 54, 47, 31, 36, 45, 10, 33, 32, 48, 49, 39, 

