now min: 694.0, node_ct: 6235301.000000
1, 13, 19, 2, 3, 4, 5, 6, 7, 8, 9, 10, 11, 16, 18, 20, 17, 12, 15, 14, 

now min: 692.0, node_ct: 6235302.000000
1, 13, 19, 2, 3, 4, 5, 6, 7, 8, 10, 11, 9, 16, 18, 20, 17, 12, 15, 14, 

now min: 655.0, node_ct: 6235304.000000
1, 13, 19, 2, 3, 4, 5, 6, 7, 9, 10, 11, 16, 18, 17, 15, 14, 8, 20, 12, 

now min: 653.0, node_ct: 6235306.000000
1, 13, 19, 2, 3, 4, 5, 6, 7, 10, 11, 9, 16, 18, 17, 15, 14, 8, 20, 12, 

now min: 651.0, node_ct: 6235323.000000
1, 13, 19, 2, 3, 4, 5, 6, 10, 11, 9, 7, 16, 18, 17, 15, 14, 8, 20, 12, 

now min: 649.0, node_ct: 6235341.000000
1, 13, 19, 2, 3, 4, 5, 7, 9, 10, 11, 6, 16, 18, 17, 15, 14, 8, 20, 12, 

now min: 647.0, node_ct: 6235344.000000
1, 13, 19, 2, 3, 4, 5, 7, 10, 11, 6, 9, 16, 18, 17, 15, 14, 8, 20, 12, 

now min: 645.0, node_ct: 6235401.000000
1, 13, 19, 2, 3, 4, 5, 10, 11, 6, 9, 7, 16, 18, 17, 15, 14, 8, 20, 12, 

now min: 644.0, node_ct: 6235461.000000
1, 13, 19, 2, 3, 4, 6, 7, 9, 10, 11, 16, 17, 5, 18, 15, 14, 8, 20, 12, 

now min: 642.0, node_ct: 6235467.000000
1, 13, 19, 2, 3, 4, 6, 7, 10, 11, 9, 16, 17, 5, 18, 15, 14, 8, 20, 12, 

now min: 640.0, node_ct: 6235527.000000
1, 13, 19, 2, 3, 4, 6, 10, 11, 7, 9, 16, 17, 5, 18, 14, 15, 8, 20, 12, 

now min: 636.0, node_ct: 6235633.000000
1, 13, 19, 2, 3, 4, 7, 9, 10, 11, 17, 6, 16, 5, 18, 15, 14, 8, 20, 12, 

now min: 634.0, node_ct: 6235657.000000
1, 13, 19, 2, 3, 4, 7, 10, 11, 9, 17, 6, 16, 5, 18, 15, 14, 8, 20, 12, 

now min: 632.0, node_ct: 6235969.000000
1, 13, 19, 2, 3, 4, 10, 11, 7, 9, 17, 6, 16, 5, 18, 15, 14, 8, 20, 12, 

now min: 631.0, node_ct: 6236622.000000
1, 13, 19, 2, 3, 5, 10, 11, 14, 4, 6, 7, 9, 16, 18, 17, 15, 8, 20, 12, 

now min: 627.0, node_ct: 6238039.000000
1, 13, 19, 2, 3, 7, 9, 10, 11, 4, 17, 6, 16, 5, 18, 15, 14, 8, 20, 12, 

now min: 625.0, node_ct: 6238081.000000
1, 13, 19, 2, 3, 7, 10, 11, 4, 9, 17, 6, 16, 5, 18, 15, 14, 8, 20, 12, 

now min: 623.0, node_ct: 6239689.000000
1, 13, 19, 2, 3, 10, 11, 4, 7, 9, 17, 6, 16, 5, 18, 15, 14, 8, 20, 12, 

now min: 622.0, node_ct: 6243209.000000
1, 13, 19, 2, 4, 7, 10, 11, 9, 17, 6, 16, 3, 5, 18, 15, 14, 8, 20, 12, 

now min: 620.0, node_ct: 6245129.000000
1, 13, 19, 2, 4, 10, 11, 7, 9, 17, 6, 16, 3, 5, 18, 15, 14, 8, 20, 12, 

now min: 619.0, node_ct: 6249855.000000
1, 13, 19, 2, 5, 10, 11, 14, 4, 6, 7, 9, 16, 17, 3, 18, 15, 8, 20, 12, 

now min: 617.0, node_ct: 6249889.000000
1, 13, 19, 2, 5, 10, 11, 14, 4, 7, 9, 17, 6, 16, 3, 18, 15, 8, 20, 12, 

now min: 615.0, node_ct: 6259697.000000
1, 13, 19, 2, 7, 9, 10, 11, 4, 17, 6, 16, 3, 5, 18, 15, 14, 8, 20, 12, 

now min: 613.0, node_ct: 6260009.000000
1, 13, 19, 2, 7, 10, 11, 4, 9, 17, 6, 16, 3, 5, 18, 15, 14, 8, 20, 12, 

now min: 611.0, node_ct: 6271769.000000
1, 13, 19, 2, 10, 11, 4, 7, 9, 17, 6, 16, 3, 5, 18, 15, 14, 8, 20, 12, 

now min: 610.0, node_ct: 6300329.000000
1, 13, 19, 3, 7, 10, 11, 4, 9, 17, 6, 16, 2, 5, 18, 15, 14, 8, 20, 12, 

now min: 608.0, node_ct: 6312089.000000
1, 13, 19, 3, 10, 11, 4, 7, 9, 17, 6, 16, 2, 5, 18, 15, 14, 8, 20, 12, 

now min: 606.0, node_ct: 6340385.000000
1, 13, 19, 4, 7, 9, 10, 11, 17, 6, 16, 5, 14, 2, 3, 18, 15, 8, 20, 12, 

now min: 604.0, node_ct: 6341105.000000
1, 13, 19, 4, 7, 10, 11, 9, 17, 6, 16, 5, 14, 2, 3, 18, 15, 8, 20, 12, 

now min: 602.0, node_ct: 6354785.000000
1, 13, 19, 4, 10, 11, 7, 9, 17, 6, 16, 5, 14, 2, 3, 18, 15, 8, 20, 12, 

now min: 601.0, node_ct: 6381089.000000
1, 13, 19, 5, 7, 10, 11, 14, 4, 9, 17, 6, 16, 2, 3, 18, 15, 8, 20, 12, 

now min: 599.0, node_ct: 6393287.000000
1, 13, 19, 5, 10, 11, 14, 4, 6, 7, 9, 16, 17, 2, 3, 18, 15, 8, 20, 12, 

now min: 597.0, node_ct: 6393449.000000
1, 13, 19, 5, 10, 11, 14, 4, 7, 9, 17, 6, 16, 2, 3, 18, 15, 8, 20, 12, 

now min: 595.0, node_ct: 6474305.000000
1, 13, 19, 7, 10, 11, 4, 9, 17, 6, 16, 5, 14, 2, 3, 18, 15, 8, 20, 12, 

now min: 594.0, node_ct: 6570569.000000
1, 13, 10, 11, 19, 4, 6, 7, 9, 16, 17, 5, 14, 2, 3, 18, 15, 8, 20, 12, 

now min: 592.0, node_ct: 6571505.000000
1, 13, 10, 11, 19, 4, 7, 9, 17, 6, 16, 5, 14, 2, 3, 18, 15, 8, 20, 12, 

now min: 591.0, node_ct: 6574889.000000
1, 13, 10, 11, 19, 5, 14, 4, 7, 9, 17, 6, 16, 2, 3, 18, 15, 8, 20, 12, 

now min: 590.0, node_ct: 9514865.000000
10, 11, 1, 13, 19, 4, 7, 9, 17, 6, 16, 5, 14, 2, 3, 18, 15, 8, 20, 12, 

now min: 589.0, node_ct: 9518249.000000
10, 11, 1, 13, 19, 5, 14, 4, 7, 9, 17, 6, 16, 2, 3, 18, 15, 8, 20, 12, 

