now min: 2134.0
1, 2, 3, 4, 5, 6, 7, 8, 9, 10, 11, 20, 12, 28, 13, 14, 24, 19, 16, 27, 15, 26, 23, 29, 18, 30, 17, 25, 22, 21, 

now min: 2052.0
11, 20, 1, 2, 3, 4, 5, 6, 7, 8, 9, 10, 12, 28, 13, 14, 24, 19, 15, 26, 23, 16, 27, 29, 18, 30, 17, 25, 22, 21, 

now min: 1972.0
14, 24, 1, 2, 3, 4, 5, 16, 6, 7, 8, 9, 10, 11, 20, 12, 28, 19, 13, 15, 26, 23, 27, 29, 18, 30, 17, 25, 22, 21, 

now min: 1939.0
5, 14, 24, 16, 1, 2, 3, 4, 6, 7, 8, 9, 10, 11, 20, 12, 28, 19, 13, 27, 15, 26, 23, 29, 18, 30, 17, 25, 22, 21, 

now min: 1912.0
11, 20, 14, 24, 1, 2, 3, 4, 5, 16, 6, 7, 8, 9, 10, 12, 28, 19, 13, 15, 26, 23, 27, 29, 18, 30, 17, 25, 22, 21, 

now min: 1897.0
12, 14, 24, 1, 28, 2, 3, 4, 5, 16, 6, 7, 8, 9, 19, 10, 11, 20, 13, 27, 15, 26, 23, 29, 18, 30, 17, 25, 22, 21, 

now min: 1885.0
14, 24, 12, 1, 28, 2, 3, 4, 5, 16, 6, 7, 8, 9, 19, 10, 11, 20, 13, 15, 26, 23, 27, 29, 18, 30, 17, 25, 22, 21, 

now min: 1882.0
5, 11, 20, 14, 24, 16, 1, 2, 3, 4, 6, 7, 8, 9, 10, 12, 28, 19, 13, 27, 15, 26, 23, 29, 18, 30, 17, 25, 22, 21, 

now min: 1867.0
5, 12, 14, 24, 16, 1, 28, 2, 3, 4, 6, 7, 8, 9, 19, 10, 11, 20, 13, 27, 15, 26, 23, 29, 18, 30, 17, 25, 22, 21, 

now min: 1864.0
5, 14, 24, 16, 11, 20, 1, 2, 3, 4, 6, 7, 8, 9, 10, 12, 28, 19, 13, 27, 15, 26, 23, 29, 18, 30, 17, 25, 22, 21, 

now min: 1849.0
5, 14, 24, 16, 12, 1, 28, 2, 3, 4, 6, 7, 8, 9, 19, 10, 11, 20, 13, 27, 15, 26, 23, 29, 18, 30, 17, 25, 22, 21, 

now min: 1843.0
11, 20, 14, 24, 12, 1, 28, 2, 3, 4, 5, 16, 6, 7, 8, 9, 19, 10, 13, 15, 26, 23, 27, 29, 18, 30, 17, 25, 22, 21, 

now min: 1836.0
14, 24, 11, 20, 12, 1, 28, 2, 3, 4, 5, 16, 6, 7, 8, 9, 19, 10, 13, 15, 26, 23, 27, 29, 18, 30, 17, 25, 22, 21, 

now min: 1828.0
5, 11, 20, 12, 14, 24, 16, 1, 28, 2, 3, 4, 6, 7, 8, 9, 19, 10, 13, 27, 15, 26, 23, 29, 18, 30, 17, 25, 22, 21, 

now min: 1810.0
5, 11, 20, 14, 24, 16, 12, 1, 28, 2, 3, 4, 6, 7, 8, 9, 19, 10, 13, 27, 15, 26, 23, 29, 18, 30, 17, 25, 22, 21, 

now min: 1792.0
5, 14, 24, 16, 11, 20, 12, 1, 28, 2, 3, 4, 6, 7, 8, 9, 19, 10, 13, 27, 15, 26, 23, 29, 18, 30, 17, 25, 22, 21, 

now min: 1786.0
14, 24, 5, 16, 11, 20, 12, 1, 28, 2, 3, 4, 6, 7, 8, 9, 19, 10, 13, 15, 26, 23, 27, 29, 18, 30, 17, 25, 22, 21, 

