now min: 5703.0
1, 2, 3, 4, 5, 28, 39, 6, 7, 8, 9, 10, 11, 12, 35, 13, 27, 14, 15, 16, 34, 23, 17, 18, 31, 33, 37, 19, 21, 20, 30, 29, 38, 40, 32, 22, 25, 24, 36, 26, 

now min: 5609.0
5, 28, 39, 1, 2, 3, 4, 6, 7, 8, 9, 10, 11, 12, 35, 13, 27, 14, 15, 16, 34, 23, 17, 18, 31, 33, 37, 19, 21, 20, 30, 29, 38, 40, 32, 22, 25, 24, 36, 26, 

now min: 5595.0
12, 35, 1, 2, 3, 4, 5, 28, 39, 6, 7, 8, 9, 10, 11, 13, 27, 14, 15, 16, 34, 23, 17, 18, 31, 33, 37, 19, 21, 20, 30, 29, 38, 40, 32, 22, 25, 24, 36, 26, 

now min: 5483.0
5, 28, 39, 12, 35, 1, 2, 3, 4, 6, 7, 8, 9, 10, 11, 13, 27, 14, 15, 16, 34, 23, 17, 18, 31, 33, 37, 19, 21, 20, 30, 29, 38, 40, 32, 22, 25, 24, 36, 26, 

now min: 5471.0
5, 28, 39, 12, 35, 13, 1, 2, 3, 4, 6, 7, 8, 9, 10, 27, 11, 14, 15, 16, 34, 23, 17, 18, 31, 33, 37, 19, 21, 20, 30, 29, 38, 40, 32, 22, 25, 24, 36, 26, 

now min: 5450.0
5, 28, 39, 12, 35, 16, 1, 2, 3, 4, 6, 7, 8, 34, 9, 10, 11, 13, 27, 14, 15, 23, 17, 18, 31, 33, 37, 19, 21, 40, 20, 30, 29, 38, 32, 22, 25, 24, 36, 26, 

now min: 5422.0
5, 28, 39, 8, 12, 35, 16, 1, 2, 34, 3, 4, 6, 7, 9, 10, 11, 13, 27, 14, 15, 23, 17, 18, 31, 33, 37, 19, 21, 40, 20, 30, 29, 38, 32, 22, 25, 24, 36, 26, 

now min: 5406.0
5, 28, 39, 12, 35, 8, 16, 1, 2, 34, 3, 4, 6, 7, 9, 10, 11, 13, 27, 14, 15, 23, 17, 18, 31, 33, 37, 19, 21, 40, 20, 30, 29, 38, 32, 22, 25, 24, 36, 26, 

now min: 5399.0
5, 28, 39, 12, 35, 8, 13, 16, 1, 2, 34, 3, 4, 6, 7, 9, 10, 27, 11, 14, 15, 23, 17, 18, 31, 33, 37, 19, 21, 40, 20, 30, 29, 38, 32, 22, 25, 24, 36, 26, 

now min: 5385.0
5, 28, 39, 12, 35, 13, 14, 18, 1, 2, 3, 4, 31, 6, 7, 8, 9, 10, 27, 37, 11, 15, 16, 34, 23, 17, 33, 19, 21, 20, 30, 29, 38, 40, 32, 22, 25, 24, 36, 26, 

now min: 5377.0
5, 28, 39, 12, 35, 14, 16, 18, 1, 2, 3, 4, 31, 6, 7, 8, 34, 9, 10, 37, 11, 13, 27, 15, 23, 17, 33, 19, 21, 40, 20, 30, 29, 38, 32, 22, 25, 24, 36, 26, 

