now min: 17883.0
1, 2, 3, 4, 5, 6, 7, 8, 9, 10, 11, 12, 13, 14, 15, 16, 17, 18, 19, 20, 21, 55, 22, 32, 48, 23, 54, 24, 25, 26, 38, 27, 51, 59, 28, 41, 29, 43, 40, 30, 52, 34, 46, 44, 60, 57, 37, 50, 33, 56, 53, 42, 58, 35, 47, 31, 36, 45, 49, 39, 

now min: 17846.0
21, 1, 2, 3, 4, 5, 6, 7, 8, 9, 10, 11, 12, 13, 14, 15, 16, 17, 55, 18, 19, 20, 22, 32, 48, 23, 54, 24, 25, 26, 38, 27, 51, 59, 28, 41, 29, 43, 40, 30, 52, 34, 46, 44, 60, 57, 37, 50, 33, 56, 53, 42, 58, 35, 47, 31, 36, 45, 49, 39, 

now min: 17563.0
23, 1, 2, 3, 4, 5, 6, 7, 8, 9, 10, 11, 12, 13, 14, 15, 16, 17, 18, 19, 20, 21, 55, 22, 54, 24, 25, 26, 38, 27, 51, 59, 28, 41, 29, 43, 40, 30, 52, 34, 46, 44, 60, 57, 37, 50, 33, 56, 53, 42, 58, 35, 47, 31, 32, 36, 48, 45, 49, 39, 

now min: 17435.0
27, 1, 2, 3, 4, 5, 6, 7, 8, 9, 10, 11, 12, 13, 14, 15, 16, 17, 18, 19, 20, 21, 55, 22, 23, 59, 24, 25, 26, 51, 38, 28, 41, 29, 43, 40, 30, 52, 34, 46, 44, 60, 57, 37, 50, 33, 56, 53, 42, 58, 35, 47, 54, 31, 32, 36, 48, 45, 49, 39, 

now min: 17415.0
24, 26, 1, 2, 3, 4, 5, 6, 7, 8, 9, 10, 11, 12, 13, 14, 15, 16, 17, 18, 19, 20, 21, 38, 55, 22, 23, 25, 27, 51, 59, 28, 41, 29, 43, 40, 30, 52, 34, 46, 44, 60, 57, 37, 50, 33, 56, 53, 42, 58, 35, 54, 47, 31, 32, 36, 48, 45, 49, 39, 

now min: 17399.0
3, 25, 26, 1, 2, 4, 5, 6, 7, 8, 9, 10, 11, 12, 13, 14, 15, 16, 17, 18, 19, 20, 21, 38, 55, 22, 23, 24, 27, 51, 59, 28, 41, 29, 43, 40, 30, 52, 34, 46, 44, 60, 57, 37, 50, 33, 56, 53, 42, 58, 35, 54, 47, 31, 32, 36, 48, 45, 49, 39, 

now min: 17350.0
7, 25, 28, 1, 2, 3, 4, 5, 6, 8, 9, 10, 11, 12, 13, 14, 15, 16, 17, 18, 58, 19, 20, 33, 21, 41, 55, 22, 23, 24, 26, 38, 27, 51, 59, 29, 43, 40, 30, 52, 34, 46, 44, 60, 57, 37, 50, 56, 53, 42, 35, 54, 47, 31, 32, 36, 48, 45, 49, 39, 

now min: 17340.0
17, 21, 27, 1, 2, 3, 4, 5, 6, 7, 8, 9, 10, 11, 12, 55, 13, 14, 15, 16, 18, 19, 20, 22, 23, 59, 24, 25, 26, 51, 38, 28, 41, 29, 43, 40, 30, 52, 34, 46, 44, 60, 57, 37, 50, 33, 56, 53, 42, 58, 35, 47, 54, 31, 32, 36, 48, 45, 49, 39, 

now min: 17318.0
24, 26, 29, 1, 2, 3, 4, 5, 6, 7, 8, 9, 10, 11, 12, 13, 14, 40, 15, 16, 17, 18, 19, 20, 21, 38, 56, 55, 22, 23, 25, 27, 51, 59, 28, 43, 41, 30, 52, 34, 46, 44, 60, 57, 37, 50, 33, 53, 42, 58, 35, 54, 47, 31, 32, 36, 48, 45, 49, 39, 

now min: 17307.0
7, 25, 26, 28, 1, 2, 3, 4, 5, 6, 8, 9, 10, 11, 12, 13, 14, 15, 16, 17, 18, 58, 19, 20, 33, 21, 41, 38, 55, 22, 23, 24, 27, 51, 59, 29, 43, 40, 30, 52, 34, 46, 44, 60, 57, 37, 50, 56, 53, 42, 35, 54, 47, 31, 32, 36, 48, 45, 49, 39, 

now min: 17298.0
8, 12, 26, 27, 45, 1, 2, 3, 4, 5, 6, 7, 9, 10, 11, 13, 14, 15, 16, 17, 18, 19, 20, 21, 38, 55, 22, 51, 23, 59, 24, 25, 28, 41, 29, 43, 40, 30, 52, 34, 46, 44, 60, 57, 37, 50, 33, 56, 53, 42, 58, 35, 47, 54, 31, 32, 36, 48, 49, 39, 

now min: 17275.0
14, 24, 26, 29, 1, 2, 3, 4, 5, 6, 7, 8, 9, 10, 11, 40, 12, 13, 15, 16, 17, 18, 19, 20, 21, 38, 56, 55, 22, 23, 25, 27, 51, 59, 28, 43, 41, 30, 52, 34, 46, 44, 60, 57, 37, 50, 33, 53, 42, 58, 35, 54, 47, 31, 32, 36, 48, 45, 49, 39, 

now min: 17257.0
18, 21, 26, 27, 1, 2, 3, 4, 5, 6, 38, 7, 8, 9, 10, 11, 12, 45, 13, 14, 15, 16, 17, 55, 19, 20, 22, 51, 23, 59, 24, 25, 28, 41, 29, 43, 40, 30, 52, 34, 46, 44, 60, 57, 37, 50, 33, 56, 53, 42, 58, 35, 47, 54, 31, 32, 36, 48, 49, 39, 

now min: 17238.0
20, 24, 27, 28, 53, 1, 2, 3, 4, 5, 6, 7, 8, 9, 10, 11, 12, 13, 14, 15, 16, 17, 18, 58, 19, 21, 41, 55, 22, 23, 59, 25, 33, 26, 51, 38, 29, 43, 40, 30, 52, 34, 46, 44, 60, 57, 37, 50, 56, 42, 35, 47, 54, 31, 32, 36, 48, 45, 49, 39, 

now min: 17114.0
20, 25, 27, 28, 53, 1, 2, 3, 4, 5, 6, 7, 8, 9, 10, 11, 12, 13, 14, 15, 16, 17, 18, 33, 58, 19, 21, 41, 55, 22, 23, 59, 24, 26, 51, 38, 29, 43, 40, 30, 52, 34, 46, 44, 60, 57, 37, 50, 56, 42, 35, 47, 54, 31, 32, 36, 48, 45, 49, 39, 

now min: 17105.0
20, 27, 28, 53, 25, 1, 2, 3, 4, 5, 6, 7, 8, 9, 10, 11, 12, 13, 14, 15, 16, 17, 18, 33, 58, 19, 21, 41, 55, 22, 23, 59, 24, 26, 51, 38, 29, 43, 40, 30, 52, 34, 46, 44, 60, 57, 37, 50, 56, 42, 35, 47, 54, 31, 32, 36, 48, 45, 49, 39, 

