
17883.0
17843.0
17590.0
17484.0
17461.0
17278.0
17276.0
17246.0
17176.0
17168.0
17142.0
17138.0
17050.0
17022.0
16965.0
16911.0
16830.0
16711.0
16627.0
16599.0
16562.0
16380.0
16345.0
16316.0
16289.0
16264.0
16198.0
16054.0
16020.0
15911.0
15909.0
15872.0
15617.0
15572.0
15565.0
15514.0
15474.0
15456.0
15399.0
15354.0
15241.0
15185.0
15182.0
15164.0
15146.0
15119.0
15115.0
15112.0
15103.0
15071.0
15041.0
15027.0
15006.0
15004.0
14933.0
14911.0
14863.0
14862.0
14856.0
14855.0
14849.0
14840.0
14838.0
14827.0
14818.0
14816.0
14815.0
